<?xml version="1.0" encoding="UTF-8"?>
<testng-results skipped="0" failed="1" total="3" passed="2">
  <reporter-output>
    <line>
      <![CDATA[Starting with suite :: tests]]>
    </line>
    <line>
      <![CDATA[<br>]]>
    </line>
    <line>
      <![CDATA[********************************************************]]>
    </line>
    <line>
      <![CDATA[</br>]]>
    </line>
    <line>
      <![CDATA[1::Initiating TestCase::countrySwitchCheck (PoolService-0@1621448399)]]>
    </line>
    <line>
      <![CDATA[</br>]]>
    </line>
    <line>
      <![CDATA[Start Time:::: 12:14:5]]>
    </line>
    <line>
      <![CDATA[</br>]]>
    </line>
    <line>
      <![CDATA[Table Report is:::<style type="text/css">table{border-collapse: collapse;border: 1px solid black;color: #008000} table td{ border: 1px solid black;} table tr{ border: 1px solid black;}table th{border: 1px solid black;font-size:15px; font-weight: bold;color: #54B948;;background-color:#2F4F4F}</style><table ><tr><th colspan='5'>countrySwitchCheck</th></tr><tr><th>Step No</th><th>Description</th><th>Status</th><th>Expected</th><th>Actual</th><th>ScreenShot</th></tr></table>]]>
    </line>
    <line>
      <![CDATA[Test Case -countrySwitchCheck failed due to exception screen shot below]]>
    </line>
    <line>
      <![CDATA[<div style="height:400px; width: 750px; overflow:scroll"><img src="../Springer.com Suite/fca69395-f7be-4329-b1a6-a2b45b744419.png"></div>]]>
    </line>
    <line>
      <![CDATA[End Time :: 12:15:1]]>
    </line>
    <line>
      <![CDATA[</br>]]>
    </line>
    <line>
      <![CDATA[Execution Time :: 52.792 Seconds]]>
    </line>
    <line>
      <![CDATA[</br>]]>
    </line>
    <line>
      <![CDATA[Completed TestCase :: countrySwitchCheck => Status: FAIL]]>
    </line>
    <line>
      <![CDATA[</br>]]>
    </line>
    <line>
      <![CDATA[<br>]]>
    </line>
    <line>
      <![CDATA[********************************************************]]>
    </line>
    <line>
      <![CDATA[</br>]]>
    </line>
    <line>
      <![CDATA[2::Initiating TestCase::countrySwitchCheck (PoolService-0@1621448399)]]>
    </line>
    <line>
      <![CDATA[</br>]]>
    </line>
    <line>
      <![CDATA[Start Time:::: 12:15:1]]>
    </line>
    <line>
      <![CDATA[</br>]]>
    </line>
    <line>
      <![CDATA[Table Report is:::<style type="text/css">table{border-collapse: collapse;border: 1px solid black;color: #008000} table td{ border: 1px solid black;} table tr{ border: 1px solid black;}table th{border: 1px solid black;font-size:15px; font-weight: bold;color: #54B948;;background-color:#2F4F4F}</style><table ><tr><th colspan='5'>countrySwitchCheck</th></tr><tr><th>Step No</th><th>Description</th><th>Status</th><th>Expected</th><th>Actual</th><th>ScreenShot</th></tr><tr><td>1</td><td>Verify Country displayed in service navigation bar</td><td style="color: #000080">Pass</td><td>United Kingdom</td><td>United Kingdom</td></tr><tr><td>2</td><td>Verify menu items as per country selected</td><td style="color: #000080">Pass</td><td>Kent</td><td>Kent</td></tr><tr><td>3</td><td>Verify menu items as per country selected</td><td style="color: #000080">Pass</td><td>Dorset</td><td>Dorset</td></tr><tr><td>4</td><td>Verify menu items as per country selected</td><td style="color: #000080">Pass</td><td>Cornwall</td><td>Cornwall</td></tr><tr><td>5</td><td>Verify menu items as per country selected</td><td style="color: #000080">Pass</td><td>Devon</td><td>Devon</td></tr></table>]]>
    </line>
    <line>
      <![CDATA[End Time :: 12:15:49]]>
    </line>
    <line>
      <![CDATA[</br>]]>
    </line>
    <line>
      <![CDATA[Execution Time :: 47.5 Seconds]]>
    </line>
    <line>
      <![CDATA[</br>]]>
    </line>
    <line>
      <![CDATA[Completed TestCase :: countrySwitchCheck => Status: PASS]]>
    </line>
    <line>
      <![CDATA[</br>]]>
    </line>
    <line>
      <![CDATA[********************************************************]]>
    </line>
    <line>
      <![CDATA[<br>]]>
    </line>
    <line>
      <![CDATA[********************************************************]]>
    </line>
    <line>
      <![CDATA[</br>]]>
    </line>
    <line>
      <![CDATA[3::Initiating TestCase::countrySwitchCheck (PoolService-0@1621448399)]]>
    </line>
    <line>
      <![CDATA[</br>]]>
    </line>
    <line>
      <![CDATA[Start Time:::: 12:15:49]]>
    </line>
    <line>
      <![CDATA[</br>]]>
    </line>
    <line>
      <![CDATA[Table Report is:::<style type="text/css">table{border-collapse: collapse;border: 1px solid black;color: #008000} table td{ border: 1px solid black;} table tr{ border: 1px solid black;}table th{border: 1px solid black;font-size:15px; font-weight: bold;color: #54B948;;background-color:#2F4F4F}</style><table ><tr><th colspan='5'>countrySwitchCheck</th></tr><tr><th>Step No</th><th>Description</th><th>Status</th><th>Expected</th><th>Actual</th><th>ScreenShot</th></tr><tr><td>1</td><td>Verify Country displayed in service navigation bar</td><td style="color: #000080">Pass</td><td>India</td><td>India</td></tr><tr><td>2</td><td>Verify menu items as per country selected</td><td style="color: #000080">Pass</td><td>Assam</td><td>Assam</td></tr><tr><td>3</td><td>Verify menu items as per country selected</td><td style="color: #000080">Pass</td><td>Punjab</td><td>Punjab</td></tr><tr><td>4</td><td>Verify menu items as per country selected</td><td style="color: #000080">Pass</td><td>Goa</td><td>Goa</td></tr><tr><td>5</td><td>Verify menu items as per country selected</td><td style="color: #000080">Pass</td><td>Delhi</td><td>Delhi</td></tr><tr><td>6</td><td>Verify menu items as per country selected</td><td style="color: #000080">Pass</td><td>Topic Page</td><td>Topic Page</td></tr></table>]]>
    </line>
    <line>
      <![CDATA[End Time :: 12:16:30]]>
    </line>
    <line>
      <![CDATA[</br>]]>
    </line>
    <line>
      <![CDATA[Execution Time :: 40.327 Seconds]]>
    </line>
    <line>
      <![CDATA[</br>]]>
    </line>
    <line>
      <![CDATA[Completed TestCase :: countrySwitchCheck => Status: PASS]]>
    </line>
    <line>
      <![CDATA[</br>]]>
    </line>
    <line>
      <![CDATA[********************************************************]]>
    </line>
  </reporter-output>
  <suite name="Springer.com Suite" duration-ms="145973" started-at="2017-01-27T06:44:04Z" finished-at="2017-01-27T06:46:30Z">
    <groups>
      <group name="CountrySwitch">
        <method signature="CountrySwitch.countrySwitchCheck(omelet.data.driverconf.IBrowserConf, omelet.data.IProperty)[pri:0, instance:com.nemo.test.CountrySwitch@167db34]" name="countrySwitchCheck" class="com.nemo.test.CountrySwitch"/>
      </group> <!-- CountrySwitch -->
      <group name="SmokeTest">
        <method signature="CountrySwitch.countrySwitchCheck(omelet.data.driverconf.IBrowserConf, omelet.data.IProperty)[pri:0, instance:com.nemo.test.CountrySwitch@167db34]" name="countrySwitchCheck" class="com.nemo.test.CountrySwitch"/>
      </group> <!-- SmokeTest -->
      <group name="All">
        <method signature="CountrySwitch.countrySwitchCheck(omelet.data.driverconf.IBrowserConf, omelet.data.IProperty)[pri:0, instance:com.nemo.test.CountrySwitch@167db34]" name="countrySwitchCheck" class="com.nemo.test.CountrySwitch"/>
      </group> <!-- All -->
    </groups>
    <test name="CountrySwtichTest" duration-ms="145973" started-at="2017-01-27T06:44:04Z" finished-at="2017-01-27T06:46:30Z">
      <class name="com.nemo.test.CountrySwitch">
        <test-method status="FAIL" signature="countrySwitchCheck(omelet.data.driverconf.IBrowserConf, omelet.data.IProperty)[pri:0, instance:com.nemo.test.CountrySwitch@167db34]" name="countrySwitchCheck" duration-ms="52792" started-at="2017-01-27T12:14:05Z" description="Checking country swtich" data-provider="XmlData" finished-at="2017-01-27T12:14:57Z">
          <params>
            <param index="0">
              <value>
                <![CDATA[Browser:<span style='font-weight:normal'>Firefox</span>, Capabilities:<span style='font-weight:normal'>Capabilities [{}]</span>]]>
              </value>
            </param>
            <param index="1">
              <value>
                <![CDATA[<script language='JavaScript'>function showDiv8340645() {document.getElementById('testData8340645').style.display = 'block';document.getElementById('showData8340645').style.display = 'none';document.getElementById('hideData8340645').style.display = 'block';}function hideDiv8340645() {document.getElementById('testData8340645').style.display = 'none';document.getElementById('showData8340645').style.display = 'block';document.getElementById('hideData8340645').style.display = 'none';}</script><br><a id='showData8340645' onclick='showDiv8340645()''>show test data</a><a id='hideData8340645' style='display:none' onclick='hideDiv8340645()''>hide test data</a><div id='testData8340645' style='display:none'><span style='font-weight:normal'>HomePage_Country</span> : <span style='font-weight:bold'>United States</span><br><span style='font-weight:normal'>NewsAndExpertOpinions_Date</span> : <span style='font-weight:bold'>08-26-2016</span><br><span style='font-weight:normal'>HomePage_URL</span> : <span style='font-weight:bold'>http://nemo-core-staging-mmdiabetes-preview.dev.cf.private.springer.com/</span><br><span style='font-weight:normal'>HomePage_MenuItems</span> : <span style='font-weight:bold'>News and Expert Opinions, Society and Conference Coverage, Clinical Reference, Treatments, In Practice, Education, Slide Sets, Topic Links</span><br></div>]]>
              </value>
            </param>
          </params>
          <exception class="org.openqa.selenium.remote.UnreachableBrowserException">
            <message>
              <![CDATA[Error communicating with the remote browser. It may have died.
Build info: version: '2.46.0', revision: '61506a4624b13675f24581e453592342b7485d71', time: '2015-06-04 10:22:50'
System info: host: 'LAINPUMA0239', ip: '10.113.4.198', os.name: 'Windows 7', os.arch: 'amd64', os.version: '6.1', java.version: '1.7.0_51'
Driver info: driver.version: FirefoxDriver]]>
            </message>
            <full-stacktrace>
              <![CDATA[org.openqa.selenium.remote.UnreachableBrowserException: Error communicating with the remote browser. It may have died.
Build info: version: '2.46.0', revision: '61506a4624b13675f24581e453592342b7485d71', time: '2015-06-04 10:22:50'
System info: host: 'LAINPUMA0239', ip: '10.113.4.198', os.name: 'Windows 7', os.arch: 'amd64', os.version: '6.1', java.version: '1.7.0_51'
Driver info: driver.version: FirefoxDriver
	at org.openqa.selenium.remote.RemoteWebDriver.execute(RemoteWebDriver.java:599)
	at org.openqa.selenium.firefox.FirefoxDriver.access$100(FirefoxDriver.java:65)
	at org.openqa.selenium.firefox.FirefoxDriver$1$1.implicitlyWait(FirefoxDriver.java:248)
	at org.openqa.selenium.support.events.EventFiringWebDriver$EventFiringTimeouts.implicitlyWait(EventFiringWebDriver.java:550)
	at omelet.driver.DriverUtility.waitFor(DriverUtility.java:82)
	at com.nemo.pageobjects.HomePage.isLoaded(HomePage.java:58)
	at com.nemo.test.CountrySwitch.countrySwitchCheck(CountrySwitch.java:32)
	at sun.reflect.NativeMethodAccessorImpl.invoke0(Native Method)
	at sun.reflect.NativeMethodAccessorImpl.invoke(NativeMethodAccessorImpl.java:57)
	at sun.reflect.DelegatingMethodAccessorImpl.invoke(DelegatingMethodAccessorImpl.java:43)
	at java.lang.reflect.Method.invoke(Method.java:606)
	at org.testng.internal.MethodInvocationHelper.invokeMethod(MethodInvocationHelper.java:84)
	at org.testng.internal.Invoker.invokeMethod(Invoker.java:714)
	at org.testng.internal.Invoker.invokeTestMethod(Invoker.java:901)
	at org.testng.internal.TestMethodWithDataProviderMethodWorker.call(TestMethodWithDataProviderMethodWorker.java:73)
	at org.testng.internal.TestMethodWithDataProviderMethodWorker.call(TestMethodWithDataProviderMethodWorker.java:14)
	at java.util.concurrent.FutureTask.run(FutureTask.java:262)
	at java.util.concurrent.Executors$RunnableAdapter.call(Executors.java:471)
	at java.util.concurrent.FutureTask.run(FutureTask.java:262)
	at java.util.concurrent.ThreadPoolExecutor.runWorker(ThreadPoolExecutor.java:1145)
	at java.util.concurrent.ThreadPoolExecutor$Worker.run(ThreadPoolExecutor.java:615)
	at java.lang.Thread.run(Thread.java:744)
Caused by: org.apache.http.conn.HttpHostConnectException: Connect to 127.0.0.1:7055 [/127.0.0.1] failed: Connection refused: connect
	at org.apache.http.impl.conn.HttpClientConnectionOperator.connect(HttpClientConnectionOperator.java:142)
	at org.apache.http.impl.conn.PoolingHttpClientConnectionManager.connect(PoolingHttpClientConnectionManager.java:319)
	at org.apache.http.impl.execchain.MainClientExec.establishRoute(MainClientExec.java:363)
	at org.apache.http.impl.execchain.MainClientExec.execute(MainClientExec.java:219)
	at org.apache.http.impl.execchain.ProtocolExec.execute(ProtocolExec.java:195)
	at org.apache.http.impl.execchain.RetryExec.execute(RetryExec.java:86)
	at org.apache.http.impl.execchain.RedirectExec.execute(RedirectExec.java:108)
	at org.apache.http.impl.client.InternalHttpClient.doExecute(InternalHttpClient.java:184)
	at org.apache.http.impl.client.CloseableHttpClient.execute(CloseableHttpClient.java:72)
	at org.apache.http.impl.client.CloseableHttpClient.execute(CloseableHttpClient.java:57)
	at org.openqa.selenium.remote.internal.ApacheHttpClient.fallBackExecute(ApacheHttpClient.java:143)
	at org.openqa.selenium.remote.internal.ApacheHttpClient.execute(ApacheHttpClient.java:89)
	at org.openqa.selenium.remote.HttpCommandExecutor.execute(HttpCommandExecutor.java:134)
	at org.openqa.selenium.firefox.internal.NewProfileExtensionConnection.execute(NewProfileExtensionConnection.java:168)
	at org.openqa.selenium.firefox.FirefoxDriver$LazyCommandExecutor.execute(FirefoxDriver.java:392)
	at org.openqa.selenium.remote.RemoteWebDriver.execute(RemoteWebDriver.java:578)
	... 21 more
Caused by: java.net.ConnectException: Connection refused: connect
	at java.net.DualStackPlainSocketImpl.waitForConnect(Native Method)
	at java.net.DualStackPlainSocketImpl.socketConnect(DualStackPlainSocketImpl.java:85)
	at java.net.AbstractPlainSocketImpl.doConnect(AbstractPlainSocketImpl.java:339)
	at java.net.AbstractPlainSocketImpl.connectToAddress(AbstractPlainSocketImpl.java:200)
	at java.net.AbstractPlainSocketImpl.connect(AbstractPlainSocketImpl.java:182)
	at java.net.PlainSocketImpl.connect(PlainSocketImpl.java:172)
	at java.net.SocksSocketImpl.connect(SocksSocketImpl.java:392)
	at java.net.Socket.connect(Socket.java:579)
	at org.apache.http.conn.socket.PlainConnectionSocketFactory.connectSocket(PlainConnectionSocketFactory.java:72)
	at org.apache.http.impl.conn.HttpClientConnectionOperator.connect(HttpClientConnectionOperator.java:125)
	... 36 more
]]>
            </full-stacktrace>
          </exception> <!-- org.openqa.selenium.remote.UnreachableBrowserException -->
          <reporter-output>
            <line>
              <![CDATA[<br>]]>
            </line>
            <line>
              <![CDATA[********************************************************]]>
            </line>
            <line>
              <![CDATA[</br>]]>
            </line>
            <line>
              <![CDATA[1::Initiating TestCase::countrySwitchCheck (PoolService-0@1621448399)]]>
            </line>
            <line>
              <![CDATA[</br>]]>
            </line>
            <line>
              <![CDATA[Start Time:::: 12:14:5]]>
            </line>
            <line>
              <![CDATA[</br>]]>
            </line>
            <line>
              <![CDATA[Table Report is:::<style type="text/css">table{border-collapse: collapse;border: 1px solid black;color: #008000} table td{ border: 1px solid black;} table tr{ border: 1px solid black;}table th{border: 1px solid black;font-size:15px; font-weight: bold;color: #54B948;;background-color:#2F4F4F}</style><table ><tr><th colspan='5'>countrySwitchCheck</th></tr><tr><th>Step No</th><th>Description</th><th>Status</th><th>Expected</th><th>Actual</th><th>ScreenShot</th></tr></table>]]>
            </line>
            <line>
              <![CDATA[Test Case -countrySwitchCheck failed due to exception screen shot below]]>
            </line>
            <line>
              <![CDATA[<div style="height:400px; width: 750px; overflow:scroll"><img src="../Springer.com Suite/fca69395-f7be-4329-b1a6-a2b45b744419.png"></div>]]>
            </line>
            <line>
              <![CDATA[End Time :: 12:15:1]]>
            </line>
            <line>
              <![CDATA[</br>]]>
            </line>
            <line>
              <![CDATA[Execution Time :: 52.792 Seconds]]>
            </line>
            <line>
              <![CDATA[</br>]]>
            </line>
            <line>
              <![CDATA[Completed TestCase :: countrySwitchCheck => Status: FAIL]]>
            </line>
            <line>
              <![CDATA[</br>]]>
            </line>
          </reporter-output>
        </test-method> <!-- countrySwitchCheck -->
        <test-method status="PASS" signature="countrySwitchCheck(omelet.data.driverconf.IBrowserConf, omelet.data.IProperty)[pri:0, instance:com.nemo.test.CountrySwitch@167db34]" name="countrySwitchCheck" duration-ms="47005" started-at="2017-01-27T12:15:01Z" description="Checking country swtich" data-provider="XmlData" finished-at="2017-01-27T12:15:48Z">
          <params>
            <param index="0">
              <value>
                <![CDATA[Browser:<span style='font-weight:normal'>Firefox</span>, Capabilities:<span style='font-weight:normal'>Capabilities [{}]</span>]]>
              </value>
            </param>
            <param index="1">
              <value>
                <![CDATA[<script language='JavaScript'>function showDiv16694611() {document.getElementById('testData16694611').style.display = 'block';document.getElementById('showData16694611').style.display = 'none';document.getElementById('hideData16694611').style.display = 'block';}function hideDiv16694611() {document.getElementById('testData16694611').style.display = 'none';document.getElementById('showData16694611').style.display = 'block';document.getElementById('hideData16694611').style.display = 'none';}</script><br><a id='showData16694611' onclick='showDiv16694611()''>show test data</a><a id='hideData16694611' style='display:none' onclick='hideDiv16694611()''>hide test data</a><div id='testData16694611' style='display:none'><span style='font-weight:normal'>HomePage_Country</span> : <span style='font-weight:bold'>United Kingdom</span><br><span style='font-weight:normal'>NewsAndExpertOpinions_Date</span> : <span style='font-weight:bold'>26-08-2016</span><br><span style='font-weight:normal'>HomePage_URL</span> : <span style='font-weight:bold'>http://nemo-core-staging-mmdiabetes-preview.dev.cf.private.springer.com/</span><br><span style='font-weight:normal'>HomePage_MenuItems</span> : <span style='font-weight:bold'>Kent, Dorset, Cornwall, Devon</span><br></div>]]>
              </value>
            </param>
          </params>
          <reporter-output>
            <line>
              <![CDATA[<br>]]>
            </line>
            <line>
              <![CDATA[********************************************************]]>
            </line>
            <line>
              <![CDATA[</br>]]>
            </line>
            <line>
              <![CDATA[2::Initiating TestCase::countrySwitchCheck (PoolService-0@1621448399)]]>
            </line>
            <line>
              <![CDATA[</br>]]>
            </line>
            <line>
              <![CDATA[Start Time:::: 12:15:1]]>
            </line>
            <line>
              <![CDATA[</br>]]>
            </line>
            <line>
              <![CDATA[Table Report is:::<style type="text/css">table{border-collapse: collapse;border: 1px solid black;color: #008000} table td{ border: 1px solid black;} table tr{ border: 1px solid black;}table th{border: 1px solid black;font-size:15px; font-weight: bold;color: #54B948;;background-color:#2F4F4F}</style><table ><tr><th colspan='5'>countrySwitchCheck</th></tr><tr><th>Step No</th><th>Description</th><th>Status</th><th>Expected</th><th>Actual</th><th>ScreenShot</th></tr><tr><td>1</td><td>Verify Country displayed in service navigation bar</td><td style="color: #000080">Pass</td><td>United Kingdom</td><td>United Kingdom</td></tr><tr><td>2</td><td>Verify menu items as per country selected</td><td style="color: #000080">Pass</td><td>Kent</td><td>Kent</td></tr><tr><td>3</td><td>Verify menu items as per country selected</td><td style="color: #000080">Pass</td><td>Dorset</td><td>Dorset</td></tr><tr><td>4</td><td>Verify menu items as per country selected</td><td style="color: #000080">Pass</td><td>Cornwall</td><td>Cornwall</td></tr><tr><td>5</td><td>Verify menu items as per country selected</td><td style="color: #000080">Pass</td><td>Devon</td><td>Devon</td></tr></table>]]>
            </line>
            <line>
              <![CDATA[End Time :: 12:15:49]]>
            </line>
            <line>
              <![CDATA[</br>]]>
            </line>
            <line>
              <![CDATA[Execution Time :: 47.5 Seconds]]>
            </line>
            <line>
              <![CDATA[</br>]]>
            </line>
            <line>
              <![CDATA[Completed TestCase :: countrySwitchCheck => Status: PASS]]>
            </line>
            <line>
              <![CDATA[</br>]]>
            </line>
            <line>
              <![CDATA[********************************************************]]>
            </line>
          </reporter-output>
        </test-method> <!-- countrySwitchCheck -->
        <test-method status="PASS" signature="countrySwitchCheck(omelet.data.driverconf.IBrowserConf, omelet.data.IProperty)[pri:0, instance:com.nemo.test.CountrySwitch@167db34]" name="countrySwitchCheck" duration-ms="40327" started-at="2017-01-27T12:15:49Z" description="Checking country swtich" data-provider="XmlData" finished-at="2017-01-27T12:16:29Z">
          <params>
            <param index="0">
              <value>
                <![CDATA[Browser:<span style='font-weight:normal'>Firefox</span>, Capabilities:<span style='font-weight:normal'>Capabilities [{}]</span>]]>
              </value>
            </param>
            <param index="1">
              <value>
                <![CDATA[<script language='JavaScript'>function showDiv69640234() {document.getElementById('testData69640234').style.display = 'block';document.getElementById('showData69640234').style.display = 'none';document.getElementById('hideData69640234').style.display = 'block';}function hideDiv69640234() {document.getElementById('testData69640234').style.display = 'none';document.getElementById('showData69640234').style.display = 'block';document.getElementById('hideData69640234').style.display = 'none';}</script><br><a id='showData69640234' onclick='showDiv69640234()''>show test data</a><a id='hideData69640234' style='display:none' onclick='hideDiv69640234()''>hide test data</a><div id='testData69640234' style='display:none'><span style='font-weight:normal'>HomePage_Country</span> : <span style='font-weight:bold'>India</span><br><span style='font-weight:normal'>NewsAndExpertOpinions_Date</span> : <span style='font-weight:bold'>26-08-2016</span><br><span style='font-weight:normal'>HomePage_URL</span> : <span style='font-weight:bold'>http://nemo-core-staging-mmdiabetes-preview.dev.cf.private.springer.com/</span><br><span style='font-weight:normal'>HomePage_MenuItems</span> : <span style='font-weight:bold'>Assam, Punjab, Goa, Delhi, Topic Page</span><br></div>]]>
              </value>
            </param>
          </params>
          <reporter-output>
            <line>
              <![CDATA[<br>]]>
            </line>
            <line>
              <![CDATA[********************************************************]]>
            </line>
            <line>
              <![CDATA[</br>]]>
            </line>
            <line>
              <![CDATA[3::Initiating TestCase::countrySwitchCheck (PoolService-0@1621448399)]]>
            </line>
            <line>
              <![CDATA[</br>]]>
            </line>
            <line>
              <![CDATA[Start Time:::: 12:15:49]]>
            </line>
            <line>
              <![CDATA[</br>]]>
            </line>
            <line>
              <![CDATA[Table Report is:::<style type="text/css">table{border-collapse: collapse;border: 1px solid black;color: #008000} table td{ border: 1px solid black;} table tr{ border: 1px solid black;}table th{border: 1px solid black;font-size:15px; font-weight: bold;color: #54B948;;background-color:#2F4F4F}</style><table ><tr><th colspan='5'>countrySwitchCheck</th></tr><tr><th>Step No</th><th>Description</th><th>Status</th><th>Expected</th><th>Actual</th><th>ScreenShot</th></tr><tr><td>1</td><td>Verify Country displayed in service navigation bar</td><td style="color: #000080">Pass</td><td>India</td><td>India</td></tr><tr><td>2</td><td>Verify menu items as per country selected</td><td style="color: #000080">Pass</td><td>Assam</td><td>Assam</td></tr><tr><td>3</td><td>Verify menu items as per country selected</td><td style="color: #000080">Pass</td><td>Punjab</td><td>Punjab</td></tr><tr><td>4</td><td>Verify menu items as per country selected</td><td style="color: #000080">Pass</td><td>Goa</td><td>Goa</td></tr><tr><td>5</td><td>Verify menu items as per country selected</td><td style="color: #000080">Pass</td><td>Delhi</td><td>Delhi</td></tr><tr><td>6</td><td>Verify menu items as per country selected</td><td style="color: #000080">Pass</td><td>Topic Page</td><td>Topic Page</td></tr></table>]]>
            </line>
            <line>
              <![CDATA[End Time :: 12:16:30]]>
            </line>
            <line>
              <![CDATA[</br>]]>
            </line>
            <line>
              <![CDATA[Execution Time :: 40.327 Seconds]]>
            </line>
            <line>
              <![CDATA[</br>]]>
            </line>
            <line>
              <![CDATA[Completed TestCase :: countrySwitchCheck => Status: PASS]]>
            </line>
            <line>
              <![CDATA[</br>]]>
            </line>
            <line>
              <![CDATA[********************************************************]]>
            </line>
          </reporter-output>
        </test-method> <!-- countrySwitchCheck -->
      </class> <!-- com.nemo.test.CountrySwitch -->
    </test> <!-- CountrySwtichTest -->
  </suite> <!-- Springer.com Suite -->
</testng-results>
