<?xml version="1.0" encoding="UTF-8"?>
<testsuite name="TestSuite" time="145.915" tests="3" errors="0" skipped="0" failures="1">
  <properties>
[...]
</properties>
  <testcase name="countrySwitchCheck" classname="com.nemo.test.CountrySwitch" time="56.199">
    <failure message="Error communicating with the remote browser. It may have died.&#10;Build info: version: &apos;2.46.0&apos;, revision: &apos;61506a4624b13675f24581e453592342b7485d71&apos;, time: &apos;2015-06-04 10:22:50&apos;&#10;System info: host: &apos;LAINPUMA0239&apos;, ip: &apos;10.113.4.198&apos;, os.name: &apos;Windows 7&apos;, os.arch: &apos;amd64&apos;, os.version: &apos;6.1&apos;, java.version: &apos;1.7.0_51&apos;&#10;Driver info: driver.version: FirefoxDriver" type="org.openqa.selenium.remote.UnreachableBrowserException">org.openqa.selenium.remote.UnreachableBrowserException: Error communicating with the remote browser. It may have died.
Build info: version: '2.46.0', revision: '61506a4624b13675f24581e453592342b7485d71', time: '2015-06-04 10:22:50'
System info: host: 'LAINPUMA0239', ip: '10.113.4.198', os.name: 'Windows 7', os.arch: 'amd64', os.version: '6.1', java.version: '1.7.0_51'
Driver info: driver.version: FirefoxDriver
	at java.net.DualStackPlainSocketImpl.waitForConnect(Native Method)
	at java.net.DualStackPlainSocketImpl.socketConnect(DualStackPlainSocketImpl.java:85)
	at java.net.AbstractPlainSocketImpl.doConnect(AbstractPlainSocketImpl.java:339)
	at java.net.AbstractPlainSocketImpl.connectToAddress(AbstractPlainSocketImpl.java:200)
	at java.net.AbstractPlainSocketImpl.connect(AbstractPlainSocketImpl.java:182)
	at java.net.PlainSocketImpl.connect(PlainSocketImpl.java:172)
	at java.net.SocksSocketImpl.connect(SocksSocketImpl.java:392)
	at java.net.Socket.connect(Socket.java:579)
	at org.apache.http.conn.socket.PlainConnectionSocketFactory.connectSocket(PlainConnectionSocketFactory.java:72)
	at org.apache.http.impl.conn.HttpClientConnectionOperator.connect(HttpClientConnectionOperator.java:125)
	at org.apache.http.impl.conn.PoolingHttpClientConnectionManager.connect(PoolingHttpClientConnectionManager.java:319)
	at org.apache.http.impl.execchain.MainClientExec.establishRoute(MainClientExec.java:363)
	at org.apache.http.impl.execchain.MainClientExec.execute(MainClientExec.java:219)
	at org.apache.http.impl.execchain.ProtocolExec.execute(ProtocolExec.java:195)
	at org.apache.http.impl.execchain.RetryExec.execute(RetryExec.java:86)
	at org.apache.http.impl.execchain.RedirectExec.execute(RedirectExec.java:108)
	at org.apache.http.impl.client.InternalHttpClient.doExecute(InternalHttpClient.java:184)
	at org.apache.http.impl.client.CloseableHttpClient.execute(CloseableHttpClient.java:72)
	at org.apache.http.impl.client.CloseableHttpClient.execute(CloseableHttpClient.java:57)
	at org.openqa.selenium.remote.internal.ApacheHttpClient.fallBackExecute(ApacheHttpClient.java:143)
	at org.openqa.selenium.remote.internal.ApacheHttpClient.execute(ApacheHttpClient.java:89)
	at org.openqa.selenium.remote.HttpCommandExecutor.execute(HttpCommandExecutor.java:134)
	at org.openqa.selenium.firefox.internal.NewProfileExtensionConnection.execute(NewProfileExtensionConnection.java:168)
	at org.openqa.selenium.firefox.FirefoxDriver$LazyCommandExecutor.execute(FirefoxDriver.java:392)
	at org.openqa.selenium.remote.RemoteWebDriver.execute(RemoteWebDriver.java:578)
	at org.openqa.selenium.firefox.FirefoxDriver.access$100(FirefoxDriver.java:65)
	at org.openqa.selenium.firefox.FirefoxDriver$1$1.implicitlyWait(FirefoxDriver.java:248)
	at org.openqa.selenium.support.events.EventFiringWebDriver$EventFiringTimeouts.implicitlyWait(EventFiringWebDriver.java:550)
	at omelet.driver.DriverUtility.waitFor(DriverUtility.java:82)
	at com.nemo.pageobjects.HomePage.isLoaded(HomePage.java:58)
	at com.nemo.test.CountrySwitch.countrySwitchCheck(CountrySwitch.java:32)
</failure>
    <system-out><![CDATA[1    [main] DEBUG omelet.common.Utils  - File Name Recieved is:Framework.properties
 -6    [main] DEBUG omelet.common.OSName  - OS Name is:windows 7
 -10   [main] DEBUG omelet.common.Utils  - Returned File Path is:::C:/springer professional workspace/IdeaProjects/target/classes/Framework.properties
 -12   [main] DEBUG omelet.common.Utils  - File Name Recieved is:Framework.properties
 -13   [main] DEBUG omelet.common.OSName  - OS Name is:windows 7
 -14   [main] DEBUG omelet.common.Utils  - Returned File Path is:::C:/springer professional workspace/IdeaProjects/target/classes/Framework.properties
 -29   [main] DEBUG omelet.common.Utils  - File Name Recieved is:Mapping.xml
 -29   [main] DEBUG omelet.common.OSName  - OS Name is:windows 7
 -30   [main] DEBUG omelet.common.Utils  - Returned File Path is:::C:/springer professional workspace/IdeaProjects/target/test-classes/Mapping.xml
 -157  [main] DEBUG omelet.data.xml.MappingParserRevisit  - TestClass Name: com.nemo.test
 -160  [main] DEBUG omelet.data.xml.MappingParserRevisit  - TestClass Name: com.nemo.test.CountrySwitch
 -161  [main] DEBUG omelet.data.xml.MappingParserRevisit  - TestClass Name: com.nemo.test.CountrySwitch.countrySwitchCheck
 -161  [main] DEBUG omelet.data.RefineMappedData  - Primary key:com.nemo.test.CountrySwitch.countrySwitchCheckvalue:null
 -161  [main] DEBUG omelet.data.RefineMappedData  - Primary key:com.nemo.testvalue:Optimal
 -161  [main] DEBUG omelet.data.RefineMappedData  - Primary key:com.nemo.test.CountrySwitchvalue:null
 -170  [main] DEBUG omelet.common.Utils  - File Name Recieved is:data/country_switch.xml
 -170  [main] DEBUG omelet.common.OSName  - OS Name is:windows 7
 -170  [main] DEBUG omelet.common.Utils  - Returned File Path is:::C:/springer professional workspace/IdeaProjects/target/test-classes/data/country_switch.xml
 -183  [main] DEBUG omelet.common.Utils  - File Name Recieved is:browsers/Safari.xml
 -184  [main] DEBUG omelet.common.OSName  - OS Name is:windows 7
 -184  [main] DEBUG omelet.common.Utils  - Returned File Path is:::C:/springer professional workspace/IdeaProjects/target/test-classes/browsers/Safari.xml
 -196  [main] DEBUG omelet.common.Utils  - File Name Recieved is:Framework.properties
 -196  [main] DEBUG omelet.common.OSName  - OS Name is:windows 7
 -196  [main] DEBUG omelet.common.Utils  - Returned File Path is:::C:/springer professional workspace/IdeaProjects/target/classes/Framework.properties
 -196  [main] DEBUG omelet.common.Utils  - File Name Recieved is:Framework.properties
 -197  [main] DEBUG omelet.common.OSName  - OS Name is:windows 7
 -197  [main] DEBUG omelet.common.Utils  - Returned File Path is:::C:/springer professional workspace/IdeaProjects/target/classes/Framework.properties
 -210  [main] DEBUG omelet.common.Utils  - File Name Recieved is:Framework.properties
 -210  [main] DEBUG omelet.common.OSName  - OS Name is:windows 7
 -211  [main] DEBUG omelet.common.Utils  - Returned File Path is:::C:/springer professional workspace/IdeaProjects/target/classes/Framework.properties
 -308  [main] INFO  omelet.driver.Logo  - 
**********************************************
**********************************************
                      .__          __
  ____   _____   ____ |  |   _____/  |_
/  _  \ /     \_/ __ \|  | _/ __ \   __\
(  <_> )  Y Y  \  ___/|  |_\  ___/|  |
\____ /|__|_|  /\___  >____/\___  >__|
        \/     \/          \/
**********************************************
           LET'S COOK SOME TESTS!
**********************************************

 -********************************************************
1::Initiating TestCase::countrySwitchCheck (PoolService-0@1621448399)
385  [PoolService-0] DEBUG omelet.testng.support.TestInterceptor  - 1::Initiating TestCase::countrySwitchCheck (PoolService-0@1621448399)
 -Start Time:::: 12:14:5
386  [PoolService-0] DEBUG omelet.testng.support.TestInterceptor  - Start Time:::: 12:14:5
 -entered method
409  [PoolService-0] DEBUG omelet.driver.DriverFactory  - Returning firefox driver-Without Remote.
 -15688 [Forwarding newSession on session null to remote] DEBUG org.apache.http.client.protocol.RequestAddCookies  - CookieSpec selected: best-match
 -15728 [Forwarding newSession on session null to remote] DEBUG org.apache.http.client.protocol.RequestAuthCache  - Auth cache not set in the context
 -15733 [Forwarding newSession on session null to remote] DEBUG org.apache.http.impl.conn.PoolingHttpClientConnectionManager  - Connection request: [route: {}->http://127.0.0.1:7055][total kept alive: 0; route allocated: 0 of 2000; total allocated: 0 of 2000]
 -15783 [Forwarding newSession on session null to remote] DEBUG org.apache.http.impl.conn.PoolingHttpClientConnectionManager  - Connection leased: [id: 0][route: {}->http://127.0.0.1:7055][total kept alive: 0; route allocated: 1 of 2000; total allocated: 1 of 2000]
 -15788 [Forwarding newSession on session null to remote] DEBUG org.apache.http.impl.execchain.MainClientExec  - Opening connection {}->http://127.0.0.1:7055
 -15791 [Forwarding newSession on session null to remote] DEBUG org.apache.http.impl.conn.HttpClientConnectionOperator  - Connecting to /127.0.0.1:7055
 -15795 [Forwarding newSession on session null to remote] DEBUG org.apache.http.impl.conn.HttpClientConnectionOperator  - Connection established 127.0.0.1:61617<->127.0.0.1:7055
 -15796 [Forwarding newSession on session null to remote] DEBUG org.apache.http.impl.execchain.MainClientExec  - Executing request POST /hub/session HTTP/1.1
 -15796 [Forwarding newSession on session null to remote] DEBUG org.apache.http.impl.execchain.MainClientExec  - Target auth state: UNCHALLENGED
 -15797 [Forwarding newSession on session null to remote] DEBUG org.apache.http.impl.execchain.MainClientExec  - Proxy auth state: UNCHALLENGED
 -15802 [Forwarding newSession on session null to remote] DEBUG org.apache.http.headers  - http-outgoing-0 >> POST /hub/session HTTP/1.1
 -15802 [Forwarding newSession on session null to remote] DEBUG org.apache.http.headers  - http-outgoing-0 >> Content-Type: application/json; charset=utf-8
 -15802 [Forwarding newSession on session null to remote] DEBUG org.apache.http.headers  - http-outgoing-0 >> Content-Length: 52
 -15802 [Forwarding newSession on session null to remote] DEBUG org.apache.http.headers  - http-outgoing-0 >> Host: 127.0.0.1:7055
 -15802 [Forwarding newSession on session null to remote] DEBUG org.apache.http.headers  - http-outgoing-0 >> Connection: Keep-Alive
 -15802 [Forwarding newSession on session null to remote] DEBUG org.apache.http.headers  - http-outgoing-0 >> User-Agent: Apache-HttpClient/4.3.6 (java 1.5)
 -15802 [Forwarding newSession on session null to remote] DEBUG org.apache.http.headers  - http-outgoing-0 >> Accept-Encoding: gzip,deflate
 -15803 [Forwarding newSession on session null to remote] DEBUG org.apache.http.wire  - http-outgoing-0 >> "POST /hub/session HTTP/1.1[\r][\n]"
 -15803 [Forwarding newSession on session null to remote] DEBUG org.apache.http.wire  - http-outgoing-0 >> "Content-Type: application/json; charset=utf-8[\r][\n]"
 -15804 [Forwarding newSession on session null to remote] DEBUG org.apache.http.wire  - http-outgoing-0 >> "Content-Length: 52[\r][\n]"
 -15804 [Forwarding newSession on session null to remote] DEBUG org.apache.http.wire  - http-outgoing-0 >> "Host: 127.0.0.1:7055[\r][\n]"
 -15804 [Forwarding newSession on session null to remote] DEBUG org.apache.http.wire  - http-outgoing-0 >> "Connection: Keep-Alive[\r][\n]"
 -15804 [Forwarding newSession on session null to remote] DEBUG org.apache.http.wire  - http-outgoing-0 >> "User-Agent: Apache-HttpClient/4.3.6 (java 1.5)[\r][\n]"
 -15804 [Forwarding newSession on session null to remote] DEBUG org.apache.http.wire  - http-outgoing-0 >> "Accept-Encoding: gzip,deflate[\r][\n]"
 -15804 [Forwarding newSession on session null to remote] DEBUG org.apache.http.wire  - http-outgoing-0 >> "[\r][\n]"
 -15804 [Forwarding newSession on session null to remote] DEBUG org.apache.http.wire  - http-outgoing-0 >> "{"desiredCapabilities":{},"requiredCapabilities":{}}"
 -17092 [Forwarding newSession on session null to remote] DEBUG org.apache.http.wire  - http-outgoing-0 << "HTTP/1.1 200 OK[\r][\n]"
 -17092 [Forwarding newSession on session null to remote] DEBUG org.apache.http.wire  - http-outgoing-0 << "content-type: application/json; charset=UTF-8[\r][\n]"
 -17092 [Forwarding newSession on session null to remote] DEBUG org.apache.http.wire  - http-outgoing-0 << "connection: close[\r][\n]"
 -17092 [Forwarding newSession on session null to remote] DEBUG org.apache.http.wire  - http-outgoing-0 << "content-length: 453[\r][\n]"
 -17092 [Forwarding newSession on session null to remote] DEBUG org.apache.http.wire  - http-outgoing-0 << "server: httpd.js[\r][\n]"
 -17092 [Forwarding newSession on session null to remote] DEBUG org.apache.http.wire  - http-outgoing-0 << "date: Fri, 27 Jan 2017 06:44:21 GMT[\r][\n]"
 -17092 [Forwarding newSession on session null to remote] DEBUG org.apache.http.wire  - http-outgoing-0 << "[\r][\n]"
 -17100 [Forwarding newSession on session null to remote] DEBUG org.apache.http.headers  - http-outgoing-0 << HTTP/1.1 200 OK
 -17100 [Forwarding newSession on session null to remote] DEBUG org.apache.http.headers  - http-outgoing-0 << content-type: application/json; charset=UTF-8
 -17100 [Forwarding newSession on session null to remote] DEBUG org.apache.http.headers  - http-outgoing-0 << connection: close
 -17100 [Forwarding newSession on session null to remote] DEBUG org.apache.http.headers  - http-outgoing-0 << content-length: 453
 -17100 [Forwarding newSession on session null to remote] DEBUG org.apache.http.headers  - http-outgoing-0 << server: httpd.js
 -17100 [Forwarding newSession on session null to remote] DEBUG org.apache.http.headers  - http-outgoing-0 << date: Fri, 27 Jan 2017 06:44:21 GMT
 -17125 [Forwarding newSession on session null to remote] DEBUG org.apache.http.wire  - http-outgoing-0 << "{"name":"newSession","sessionId":"343d0c94-0b98-4921-996e-ca445c47f566","status":0,"value":{"cssSelectorsEnabled":true,"browserName":"firefox","handlesAlerts":true,"javascriptEnabled":true,"nativeEvents":false,"platform":"WINDOWS","rotatable":false,"takesScreenshot":true,"version":"26.0","webStorageEnabled":true,"applicationCacheEnabled":true,"databaseEnabled":true,"locationContextEnabled":true,"browserConnectionEnabled":true,"acceptSslCerts":true}}"
 -17125 [Forwarding newSession on session null to remote] DEBUG org.apache.http.impl.conn.DefaultManagedHttpClientConnection  - http-outgoing-0: Shutdown connection
 -17125 [Forwarding newSession on session null to remote] DEBUG org.apache.http.impl.execchain.MainClientExec  - Connection discarded
 -17125 [Forwarding newSession on session null to remote] DEBUG org.apache.http.impl.conn.DefaultManagedHttpClientConnection  - http-outgoing-0: Close connection
 -17126 [Forwarding newSession on session null to remote] DEBUG org.apache.http.impl.conn.PoolingHttpClientConnectionManager  - Connection released: [id: 0][route: {}->http://127.0.0.1:7055][total kept alive: 0; route allocated: 0 of 2000; total allocated: 0 of 2000]
 -17141 [Forwarding setTimeout on session 343d0c94-0b98-4921-996e-ca445c47f566 to remote] DEBUG org.apache.http.client.protocol.RequestAddCookies  - CookieSpec selected: best-match
 -17142 [Forwarding setTimeout on session 343d0c94-0b98-4921-996e-ca445c47f566 to remote] DEBUG org.apache.http.client.protocol.RequestAuthCache  - Auth cache not set in the context
 -17142 [Forwarding setTimeout on session 343d0c94-0b98-4921-996e-ca445c47f566 to remote] DEBUG org.apache.http.impl.conn.PoolingHttpClientConnectionManager  - Connection request: [route: {}->http://127.0.0.1:7055][total kept alive: 0; route allocated: 0 of 2000; total allocated: 0 of 2000]
 -17142 [Forwarding setTimeout on session 343d0c94-0b98-4921-996e-ca445c47f566 to remote] DEBUG org.apache.http.impl.conn.PoolingHttpClientConnectionManager  - Connection leased: [id: 1][route: {}->http://127.0.0.1:7055][total kept alive: 0; route allocated: 1 of 2000; total allocated: 1 of 2000]
 -17143 [Forwarding setTimeout on session 343d0c94-0b98-4921-996e-ca445c47f566 to remote] DEBUG org.apache.http.impl.execchain.MainClientExec  - Opening connection {}->http://127.0.0.1:7055
 -17143 [Forwarding setTimeout on session 343d0c94-0b98-4921-996e-ca445c47f566 to remote] DEBUG org.apache.http.impl.conn.HttpClientConnectionOperator  - Connecting to /127.0.0.1:7055
 -17144 [Forwarding setTimeout on session 343d0c94-0b98-4921-996e-ca445c47f566 to remote] DEBUG org.apache.http.impl.conn.HttpClientConnectionOperator  - Connection established 127.0.0.1:61626<->127.0.0.1:7055
 -17144 [Forwarding setTimeout on session 343d0c94-0b98-4921-996e-ca445c47f566 to remote] DEBUG org.apache.http.impl.execchain.MainClientExec  - Executing request POST /hub/session/343d0c94-0b98-4921-996e-ca445c47f566/timeouts HTTP/1.1
 -17144 [Forwarding setTimeout on session 343d0c94-0b98-4921-996e-ca445c47f566 to remote] DEBUG org.apache.http.impl.execchain.MainClientExec  - Target auth state: UNCHALLENGED
 -17144 [Forwarding setTimeout on session 343d0c94-0b98-4921-996e-ca445c47f566 to remote] DEBUG org.apache.http.impl.execchain.MainClientExec  - Proxy auth state: UNCHALLENGED
 -17146 [Forwarding setTimeout on session 343d0c94-0b98-4921-996e-ca445c47f566 to remote] DEBUG org.apache.http.headers  - http-outgoing-1 >> POST /hub/session/343d0c94-0b98-4921-996e-ca445c47f566/timeouts HTTP/1.1
 -17146 [Forwarding setTimeout on session 343d0c94-0b98-4921-996e-ca445c47f566 to remote] DEBUG org.apache.http.headers  - http-outgoing-1 >> Content-Type: application/json; charset=utf-8
 -17146 [Forwarding setTimeout on session 343d0c94-0b98-4921-996e-ca445c47f566 to remote] DEBUG org.apache.http.headers  - http-outgoing-1 >> Content-Length: 30
 -17146 [Forwarding setTimeout on session 343d0c94-0b98-4921-996e-ca445c47f566 to remote] DEBUG org.apache.http.headers  - http-outgoing-1 >> Host: 127.0.0.1:7055
 -17146 [Forwarding setTimeout on session 343d0c94-0b98-4921-996e-ca445c47f566 to remote] DEBUG org.apache.http.headers  - http-outgoing-1 >> Connection: Keep-Alive
 -17146 [Forwarding setTimeout on session 343d0c94-0b98-4921-996e-ca445c47f566 to remote] DEBUG org.apache.http.headers  - http-outgoing-1 >> User-Agent: Apache-HttpClient/4.3.6 (java 1.5)
 -17146 [Forwarding setTimeout on session 343d0c94-0b98-4921-996e-ca445c47f566 to remote] DEBUG org.apache.http.headers  - http-outgoing-1 >> Accept-Encoding: gzip,deflate
 -17146 [Forwarding setTimeout on session 343d0c94-0b98-4921-996e-ca445c47f566 to remote] DEBUG org.apache.http.wire  - http-outgoing-1 >> "POST /hub/session/343d0c94-0b98-4921-996e-ca445c47f566/timeouts HTTP/1.1[\r][\n]"
 -17147 [Forwarding setTimeout on session 343d0c94-0b98-4921-996e-ca445c47f566 to remote] DEBUG org.apache.http.wire  - http-outgoing-1 >> "Content-Type: application/json; charset=utf-8[\r][\n]"
 -17147 [Forwarding setTimeout on session 343d0c94-0b98-4921-996e-ca445c47f566 to remote] DEBUG org.apache.http.wire  - http-outgoing-1 >> "Content-Length: 30[\r][\n]"
 -17147 [Forwarding setTimeout on session 343d0c94-0b98-4921-996e-ca445c47f566 to remote] DEBUG org.apache.http.wire  - http-outgoing-1 >> "Host: 127.0.0.1:7055[\r][\n]"
 -17147 [Forwarding setTimeout on session 343d0c94-0b98-4921-996e-ca445c47f566 to remote] DEBUG org.apache.http.wire  - http-outgoing-1 >> "Connection: Keep-Alive[\r][\n]"
 -17147 [Forwarding setTimeout on session 343d0c94-0b98-4921-996e-ca445c47f566 to remote] DEBUG org.apache.http.wire  - http-outgoing-1 >> "User-Agent: Apache-HttpClient/4.3.6 (java 1.5)[\r][\n]"
 -17147 [Forwarding setTimeout on session 343d0c94-0b98-4921-996e-ca445c47f566 to remote] DEBUG org.apache.http.wire  - http-outgoing-1 >> "Accept-Encoding: gzip,deflate[\r][\n]"
 -17147 [Forwarding setTimeout on session 343d0c94-0b98-4921-996e-ca445c47f566 to remote] DEBUG org.apache.http.wire  - http-outgoing-1 >> "[\r][\n]"
 -17147 [Forwarding setTimeout on session 343d0c94-0b98-4921-996e-ca445c47f566 to remote] DEBUG org.apache.http.wire  - http-outgoing-1 >> "{"type":"implicit","ms":30000}"
 -17181 [Forwarding setTimeout on session 343d0c94-0b98-4921-996e-ca445c47f566 to remote] DEBUG org.apache.http.wire  - http-outgoing-1 << "HTTP/1.1 200 OK[\r][\n]"
 -17182 [Forwarding setTimeout on session 343d0c94-0b98-4921-996e-ca445c47f566 to remote] DEBUG org.apache.http.wire  - http-outgoing-1 << "content-type: application/json; charset=UTF-8[\r][\n]"
 -17182 [Forwarding setTimeout on session 343d0c94-0b98-4921-996e-ca445c47f566 to remote] DEBUG org.apache.http.wire  - http-outgoing-1 << "connection: close[\r][\n]"
 -17182 [Forwarding setTimeout on session 343d0c94-0b98-4921-996e-ca445c47f566 to remote] DEBUG org.apache.http.wire  - http-outgoing-1 << "content-length: 94[\r][\n]"
 -17182 [Forwarding setTimeout on session 343d0c94-0b98-4921-996e-ca445c47f566 to remote] DEBUG org.apache.http.wire  - http-outgoing-1 << "server: httpd.js[\r][\n]"
 -17182 [Forwarding setTimeout on session 343d0c94-0b98-4921-996e-ca445c47f566 to remote] DEBUG org.apache.http.wire  - http-outgoing-1 << "date: Fri, 27 Jan 2017 06:44:21 GMT[\r][\n]"
 -17182 [Forwarding setTimeout on session 343d0c94-0b98-4921-996e-ca445c47f566 to remote] DEBUG org.apache.http.wire  - http-outgoing-1 << "[\r][\n]"
 -17182 [Forwarding setTimeout on session 343d0c94-0b98-4921-996e-ca445c47f566 to remote] DEBUG org.apache.http.headers  - http-outgoing-1 << HTTP/1.1 200 OK
 -17182 [Forwarding setTimeout on session 343d0c94-0b98-4921-996e-ca445c47f566 to remote] DEBUG org.apache.http.headers  - http-outgoing-1 << content-type: application/json; charset=UTF-8
 -17183 [Forwarding setTimeout on session 343d0c94-0b98-4921-996e-ca445c47f566 to remote] DEBUG org.apache.http.headers  - http-outgoing-1 << connection: close
 -17183 [Forwarding setTimeout on session 343d0c94-0b98-4921-996e-ca445c47f566 to remote] DEBUG org.apache.http.headers  - http-outgoing-1 << content-length: 94
 -17183 [Forwarding setTimeout on session 343d0c94-0b98-4921-996e-ca445c47f566 to remote] DEBUG org.apache.http.headers  - http-outgoing-1 << server: httpd.js
 -17183 [Forwarding setTimeout on session 343d0c94-0b98-4921-996e-ca445c47f566 to remote] DEBUG org.apache.http.headers  - http-outgoing-1 << date: Fri, 27 Jan 2017 06:44:21 GMT
 -17183 [Forwarding setTimeout on session 343d0c94-0b98-4921-996e-ca445c47f566 to remote] DEBUG org.apache.http.wire  - http-outgoing-1 << "{"name":"setTimeout","sessionId":"343d0c94-0b98-4921-996e-ca445c47f566","status":0,"value":""}"
 -17184 [Forwarding setTimeout on session 343d0c94-0b98-4921-996e-ca445c47f566 to remote] DEBUG org.apache.http.impl.conn.DefaultManagedHttpClientConnection  - http-outgoing-1: Shutdown connection
 -17184 [Forwarding setTimeout on session 343d0c94-0b98-4921-996e-ca445c47f566 to remote] DEBUG org.apache.http.impl.execchain.MainClientExec  - Connection discarded
 -17184 [Forwarding setTimeout on session 343d0c94-0b98-4921-996e-ca445c47f566 to remote] DEBUG org.apache.http.impl.conn.DefaultManagedHttpClientConnection  - http-outgoing-1: Close connection
 -17184 [Forwarding setTimeout on session 343d0c94-0b98-4921-996e-ca445c47f566 to remote] DEBUG org.apache.http.impl.conn.PoolingHttpClientConnectionManager  - Connection released: [id: 1][route: {}->http://127.0.0.1:7055][total kept alive: 0; route allocated: 0 of 2000; total allocated: 0 of 2000]
 -17238 [Forwarding maximizeWindow on session 343d0c94-0b98-4921-996e-ca445c47f566 to remote] DEBUG org.apache.http.client.protocol.RequestAddCookies  - CookieSpec selected: best-match
 -17238 [Forwarding maximizeWindow on session 343d0c94-0b98-4921-996e-ca445c47f566 to remote] DEBUG org.apache.http.client.protocol.RequestAuthCache  - Auth cache not set in the context
 -17239 [Forwarding maximizeWindow on session 343d0c94-0b98-4921-996e-ca445c47f566 to remote] DEBUG org.apache.http.impl.conn.PoolingHttpClientConnectionManager  - Connection request: [route: {}->http://127.0.0.1:7055][total kept alive: 0; route allocated: 0 of 2000; total allocated: 0 of 2000]
 -17239 [Forwarding maximizeWindow on session 343d0c94-0b98-4921-996e-ca445c47f566 to remote] DEBUG org.apache.http.impl.conn.PoolingHttpClientConnectionManager  - Connection leased: [id: 2][route: {}->http://127.0.0.1:7055][total kept alive: 0; route allocated: 1 of 2000; total allocated: 1 of 2000]
 -17239 [Forwarding maximizeWindow on session 343d0c94-0b98-4921-996e-ca445c47f566 to remote] DEBUG org.apache.http.impl.execchain.MainClientExec  - Opening connection {}->http://127.0.0.1:7055
 -17239 [Forwarding maximizeWindow on session 343d0c94-0b98-4921-996e-ca445c47f566 to remote] DEBUG org.apache.http.impl.conn.HttpClientConnectionOperator  - Connecting to /127.0.0.1:7055
 -17240 [Forwarding maximizeWindow on session 343d0c94-0b98-4921-996e-ca445c47f566 to remote] DEBUG org.apache.http.impl.conn.HttpClientConnectionOperator  - Connection established 127.0.0.1:61628<->127.0.0.1:7055
 -17240 [Forwarding maximizeWindow on session 343d0c94-0b98-4921-996e-ca445c47f566 to remote] DEBUG org.apache.http.impl.execchain.MainClientExec  - Executing request POST /hub/session/343d0c94-0b98-4921-996e-ca445c47f566/window/current/maximize HTTP/1.1
 -17241 [Forwarding maximizeWindow on session 343d0c94-0b98-4921-996e-ca445c47f566 to remote] DEBUG org.apache.http.impl.execchain.MainClientExec  - Target auth state: UNCHALLENGED
 -17241 [Forwarding maximizeWindow on session 343d0c94-0b98-4921-996e-ca445c47f566 to remote] DEBUG org.apache.http.impl.execchain.MainClientExec  - Proxy auth state: UNCHALLENGED
 -17241 [Forwarding maximizeWindow on session 343d0c94-0b98-4921-996e-ca445c47f566 to remote] DEBUG org.apache.http.headers  - http-outgoing-2 >> POST /hub/session/343d0c94-0b98-4921-996e-ca445c47f566/window/current/maximize HTTP/1.1
 -17241 [Forwarding maximizeWindow on session 343d0c94-0b98-4921-996e-ca445c47f566 to remote] DEBUG org.apache.http.headers  - http-outgoing-2 >> Content-Type: application/json; charset=utf-8
 -17241 [Forwarding maximizeWindow on session 343d0c94-0b98-4921-996e-ca445c47f566 to remote] DEBUG org.apache.http.headers  - http-outgoing-2 >> Content-Length: 26
 -17241 [Forwarding maximizeWindow on session 343d0c94-0b98-4921-996e-ca445c47f566 to remote] DEBUG org.apache.http.headers  - http-outgoing-2 >> Host: 127.0.0.1:7055
 -17242 [Forwarding maximizeWindow on session 343d0c94-0b98-4921-996e-ca445c47f566 to remote] DEBUG org.apache.http.headers  - http-outgoing-2 >> Connection: Keep-Alive
 -17242 [Forwarding maximizeWindow on session 343d0c94-0b98-4921-996e-ca445c47f566 to remote] DEBUG org.apache.http.headers  - http-outgoing-2 >> User-Agent: Apache-HttpClient/4.3.6 (java 1.5)
 -17242 [Forwarding maximizeWindow on session 343d0c94-0b98-4921-996e-ca445c47f566 to remote] DEBUG org.apache.http.headers  - http-outgoing-2 >> Accept-Encoding: gzip,deflate
 -17242 [Forwarding maximizeWindow on session 343d0c94-0b98-4921-996e-ca445c47f566 to remote] DEBUG org.apache.http.wire  - http-outgoing-2 >> "POST /hub/session/343d0c94-0b98-4921-996e-ca445c47f566/window/current/maximize HTTP/1.1[\r][\n]"
 -17242 [Forwarding maximizeWindow on session 343d0c94-0b98-4921-996e-ca445c47f566 to remote] DEBUG org.apache.http.wire  - http-outgoing-2 >> "Content-Type: application/json; charset=utf-8[\r][\n]"
 -17242 [Forwarding maximizeWindow on session 343d0c94-0b98-4921-996e-ca445c47f566 to remote] DEBUG org.apache.http.wire  - http-outgoing-2 >> "Content-Length: 26[\r][\n]"
 -17242 [Forwarding maximizeWindow on session 343d0c94-0b98-4921-996e-ca445c47f566 to remote] DEBUG org.apache.http.wire  - http-outgoing-2 >> "Host: 127.0.0.1:7055[\r][\n]"
 -17242 [Forwarding maximizeWindow on session 343d0c94-0b98-4921-996e-ca445c47f566 to remote] DEBUG org.apache.http.wire  - http-outgoing-2 >> "Connection: Keep-Alive[\r][\n]"
 -17242 [Forwarding maximizeWindow on session 343d0c94-0b98-4921-996e-ca445c47f566 to remote] DEBUG org.apache.http.wire  - http-outgoing-2 >> "User-Agent: Apache-HttpClient/4.3.6 (java 1.5)[\r][\n]"
 -17242 [Forwarding maximizeWindow on session 343d0c94-0b98-4921-996e-ca445c47f566 to remote] DEBUG org.apache.http.wire  - http-outgoing-2 >> "Accept-Encoding: gzip,deflate[\r][\n]"
 -17242 [Forwarding maximizeWindow on session 343d0c94-0b98-4921-996e-ca445c47f566 to remote] DEBUG org.apache.http.wire  - http-outgoing-2 >> "[\r][\n]"
 -17242 [Forwarding maximizeWindow on session 343d0c94-0b98-4921-996e-ca445c47f566 to remote] DEBUG org.apache.http.wire  - http-outgoing-2 >> "{"windowHandle":"current"}"
 -17333 [Forwarding maximizeWindow on session 343d0c94-0b98-4921-996e-ca445c47f566 to remote] DEBUG org.apache.http.wire  - http-outgoing-2 << "HTTP/1.1 200 OK[\r][\n]"
 -17333 [Forwarding maximizeWindow on session 343d0c94-0b98-4921-996e-ca445c47f566 to remote] DEBUG org.apache.http.wire  - http-outgoing-2 << "content-type: application/json; charset=UTF-8[\r][\n]"
 -17333 [Forwarding maximizeWindow on session 343d0c94-0b98-4921-996e-ca445c47f566 to remote] DEBUG org.apache.http.wire  - http-outgoing-2 << "connection: close[\r][\n]"
 -17333 [Forwarding maximizeWindow on session 343d0c94-0b98-4921-996e-ca445c47f566 to remote] DEBUG org.apache.http.wire  - http-outgoing-2 << "content-length: 98[\r][\n]"
 -17334 [Forwarding maximizeWindow on session 343d0c94-0b98-4921-996e-ca445c47f566 to remote] DEBUG org.apache.http.wire  - http-outgoing-2 << "server: httpd.js[\r][\n]"
 -17334 [Forwarding maximizeWindow on session 343d0c94-0b98-4921-996e-ca445c47f566 to remote] DEBUG org.apache.http.wire  - http-outgoing-2 << "date: Fri, 27 Jan 2017 06:44:21 GMT[\r][\n]"
 -17334 [Forwarding maximizeWindow on session 343d0c94-0b98-4921-996e-ca445c47f566 to remote] DEBUG org.apache.http.wire  - http-outgoing-2 << "[\r][\n]"
 -17334 [Forwarding maximizeWindow on session 343d0c94-0b98-4921-996e-ca445c47f566 to remote] DEBUG org.apache.http.headers  - http-outgoing-2 << HTTP/1.1 200 OK
 -17334 [Forwarding maximizeWindow on session 343d0c94-0b98-4921-996e-ca445c47f566 to remote] DEBUG org.apache.http.headers  - http-outgoing-2 << content-type: application/json; charset=UTF-8
 -17334 [Forwarding maximizeWindow on session 343d0c94-0b98-4921-996e-ca445c47f566 to remote] DEBUG org.apache.http.headers  - http-outgoing-2 << connection: close
 -17334 [Forwarding maximizeWindow on session 343d0c94-0b98-4921-996e-ca445c47f566 to remote] DEBUG org.apache.http.headers  - http-outgoing-2 << content-length: 98
 -17334 [Forwarding maximizeWindow on session 343d0c94-0b98-4921-996e-ca445c47f566 to remote] DEBUG org.apache.http.headers  - http-outgoing-2 << server: httpd.js
 -17334 [Forwarding maximizeWindow on session 343d0c94-0b98-4921-996e-ca445c47f566 to remote] DEBUG org.apache.http.headers  - http-outgoing-2 << date: Fri, 27 Jan 2017 06:44:21 GMT
 -17336 [Forwarding maximizeWindow on session 343d0c94-0b98-4921-996e-ca445c47f566 to remote] DEBUG org.apache.http.wire  - http-outgoing-2 << "{"name":"maximizeWindow","sessionId":"343d0c94-0b98-4921-996e-ca445c47f566","status":0,"value":""}"
 -17336 [Forwarding maximizeWindow on session 343d0c94-0b98-4921-996e-ca445c47f566 to remote] DEBUG org.apache.http.impl.conn.DefaultManagedHttpClientConnection  - http-outgoing-2: Shutdown connection
 -17336 [Forwarding maximizeWindow on session 343d0c94-0b98-4921-996e-ca445c47f566 to remote] DEBUG org.apache.http.impl.execchain.MainClientExec  - Connection discarded
 -17336 [Forwarding maximizeWindow on session 343d0c94-0b98-4921-996e-ca445c47f566 to remote] DEBUG org.apache.http.impl.conn.DefaultManagedHttpClientConnection  - http-outgoing-2: Close connection
 -17336 [Forwarding maximizeWindow on session 343d0c94-0b98-4921-996e-ca445c47f566 to remote] DEBUG org.apache.http.impl.conn.PoolingHttpClientConnectionManager  - Connection released: [id: 2][route: {}->http://127.0.0.1:7055][total kept alive: 0; route allocated: 0 of 2000; total allocated: 0 of 2000]
 -17401 [Forwarding get on session 343d0c94-0b98-4921-996e-ca445c47f566 to remote] DEBUG org.apache.http.client.protocol.RequestAddCookies  - CookieSpec selected: best-match
 -17402 [Forwarding get on session 343d0c94-0b98-4921-996e-ca445c47f566 to remote] DEBUG org.apache.http.client.protocol.RequestAuthCache  - Auth cache not set in the context
 -17402 [Forwarding get on session 343d0c94-0b98-4921-996e-ca445c47f566 to remote] DEBUG org.apache.http.impl.conn.PoolingHttpClientConnectionManager  - Connection request: [route: {}->http://127.0.0.1:7055][total kept alive: 0; route allocated: 0 of 2000; total allocated: 0 of 2000]
 -17402 [Forwarding get on session 343d0c94-0b98-4921-996e-ca445c47f566 to remote] DEBUG org.apache.http.impl.conn.PoolingHttpClientConnectionManager  - Connection leased: [id: 3][route: {}->http://127.0.0.1:7055][total kept alive: 0; route allocated: 1 of 2000; total allocated: 1 of 2000]
 -17402 [Forwarding get on session 343d0c94-0b98-4921-996e-ca445c47f566 to remote] DEBUG org.apache.http.impl.execchain.MainClientExec  - Opening connection {}->http://127.0.0.1:7055
 -17403 [Forwarding get on session 343d0c94-0b98-4921-996e-ca445c47f566 to remote] DEBUG org.apache.http.impl.conn.HttpClientConnectionOperator  - Connecting to /127.0.0.1:7055
 -17404 [Forwarding get on session 343d0c94-0b98-4921-996e-ca445c47f566 to remote] DEBUG org.apache.http.impl.conn.HttpClientConnectionOperator  - Connection established 127.0.0.1:61632<->127.0.0.1:7055
 -17404 [Forwarding get on session 343d0c94-0b98-4921-996e-ca445c47f566 to remote] DEBUG org.apache.http.impl.execchain.MainClientExec  - Executing request POST /hub/session/343d0c94-0b98-4921-996e-ca445c47f566/url HTTP/1.1
 -17404 [Forwarding get on session 343d0c94-0b98-4921-996e-ca445c47f566 to remote] DEBUG org.apache.http.impl.execchain.MainClientExec  - Target auth state: UNCHALLENGED
 -17404 [Forwarding get on session 343d0c94-0b98-4921-996e-ca445c47f566 to remote] DEBUG org.apache.http.impl.execchain.MainClientExec  - Proxy auth state: UNCHALLENGED
 -17404 [Forwarding get on session 343d0c94-0b98-4921-996e-ca445c47f566 to remote] DEBUG org.apache.http.headers  - http-outgoing-3 >> POST /hub/session/343d0c94-0b98-4921-996e-ca445c47f566/url HTTP/1.1
 -17405 [Forwarding get on session 343d0c94-0b98-4921-996e-ca445c47f566 to remote] DEBUG org.apache.http.headers  - http-outgoing-3 >> Content-Type: application/json; charset=utf-8
 -17405 [Forwarding get on session 343d0c94-0b98-4921-996e-ca445c47f566 to remote] DEBUG org.apache.http.headers  - http-outgoing-3 >> Content-Length: 82
 -17405 [Forwarding get on session 343d0c94-0b98-4921-996e-ca445c47f566 to remote] DEBUG org.apache.http.headers  - http-outgoing-3 >> Host: 127.0.0.1:7055
 -17405 [Forwarding get on session 343d0c94-0b98-4921-996e-ca445c47f566 to remote] DEBUG org.apache.http.headers  - http-outgoing-3 >> Connection: Keep-Alive
 -17405 [Forwarding get on session 343d0c94-0b98-4921-996e-ca445c47f566 to remote] DEBUG org.apache.http.headers  - http-outgoing-3 >> User-Agent: Apache-HttpClient/4.3.6 (java 1.5)
 -17405 [Forwarding get on session 343d0c94-0b98-4921-996e-ca445c47f566 to remote] DEBUG org.apache.http.headers  - http-outgoing-3 >> Accept-Encoding: gzip,deflate
 -17405 [Forwarding get on session 343d0c94-0b98-4921-996e-ca445c47f566 to remote] DEBUG org.apache.http.wire  - http-outgoing-3 >> "POST /hub/session/343d0c94-0b98-4921-996e-ca445c47f566/url HTTP/1.1[\r][\n]"
 -17405 [Forwarding get on session 343d0c94-0b98-4921-996e-ca445c47f566 to remote] DEBUG org.apache.http.wire  - http-outgoing-3 >> "Content-Type: application/json; charset=utf-8[\r][\n]"
 -17405 [Forwarding get on session 343d0c94-0b98-4921-996e-ca445c47f566 to remote] DEBUG org.apache.http.wire  - http-outgoing-3 >> "Content-Length: 82[\r][\n]"
 -17405 [Forwarding get on session 343d0c94-0b98-4921-996e-ca445c47f566 to remote] DEBUG org.apache.http.wire  - http-outgoing-3 >> "Host: 127.0.0.1:7055[\r][\n]"
 -17405 [Forwarding get on session 343d0c94-0b98-4921-996e-ca445c47f566 to remote] DEBUG org.apache.http.wire  - http-outgoing-3 >> "Connection: Keep-Alive[\r][\n]"
 -17405 [Forwarding get on session 343d0c94-0b98-4921-996e-ca445c47f566 to remote] DEBUG org.apache.http.wire  - http-outgoing-3 >> "User-Agent: Apache-HttpClient/4.3.6 (java 1.5)[\r][\n]"
 -17406 [Forwarding get on session 343d0c94-0b98-4921-996e-ca445c47f566 to remote] DEBUG org.apache.http.wire  - http-outgoing-3 >> "Accept-Encoding: gzip,deflate[\r][\n]"
 -17406 [Forwarding get on session 343d0c94-0b98-4921-996e-ca445c47f566 to remote] DEBUG org.apache.http.wire  - http-outgoing-3 >> "[\r][\n]"
 -17406 [Forwarding get on session 343d0c94-0b98-4921-996e-ca445c47f566 to remote] DEBUG org.apache.http.wire  - http-outgoing-3 >> "{"url":"http://nemo-core-staging-mmdiabetes-preview.dev.cf.private.springer.com/"}"
 -18558 [Forwarding get on session 343d0c94-0b98-4921-996e-ca445c47f566 to remote] DEBUG org.apache.http.wire  - http-outgoing-3 << "HTTP/1.1 200 OK[\r][\n]"
 -18558 [Forwarding get on session 343d0c94-0b98-4921-996e-ca445c47f566 to remote] DEBUG org.apache.http.wire  - http-outgoing-3 << "content-type: application/json; charset=UTF-8[\r][\n]"
 -18558 [Forwarding get on session 343d0c94-0b98-4921-996e-ca445c47f566 to remote] DEBUG org.apache.http.wire  - http-outgoing-3 << "connection: close[\r][\n]"
 -18558 [Forwarding get on session 343d0c94-0b98-4921-996e-ca445c47f566 to remote] DEBUG org.apache.http.wire  - http-outgoing-3 << "content-length: 87[\r][\n]"
 -18558 [Forwarding get on session 343d0c94-0b98-4921-996e-ca445c47f566 to remote] DEBUG org.apache.http.wire  - http-outgoing-3 << "server: httpd.js[\r][\n]"
 -18558 [Forwarding get on session 343d0c94-0b98-4921-996e-ca445c47f566 to remote] DEBUG org.apache.http.wire  - http-outgoing-3 << "date: Fri, 27 Jan 2017 06:44:23 GMT[\r][\n]"
 -18558 [Forwarding get on session 343d0c94-0b98-4921-996e-ca445c47f566 to remote] DEBUG org.apache.http.wire  - http-outgoing-3 << "[\r][\n]"
 -18559 [Forwarding get on session 343d0c94-0b98-4921-996e-ca445c47f566 to remote] DEBUG org.apache.http.headers  - http-outgoing-3 << HTTP/1.1 200 OK
 -18559 [Forwarding get on session 343d0c94-0b98-4921-996e-ca445c47f566 to remote] DEBUG org.apache.http.headers  - http-outgoing-3 << content-type: application/json; charset=UTF-8
 -18559 [Forwarding get on session 343d0c94-0b98-4921-996e-ca445c47f566 to remote] DEBUG org.apache.http.headers  - http-outgoing-3 << connection: close
 -18559 [Forwarding get on session 343d0c94-0b98-4921-996e-ca445c47f566 to remote] DEBUG org.apache.http.headers  - http-outgoing-3 << content-length: 87
 -18559 [Forwarding get on session 343d0c94-0b98-4921-996e-ca445c47f566 to remote] DEBUG org.apache.http.headers  - http-outgoing-3 << server: httpd.js
 -18559 [Forwarding get on session 343d0c94-0b98-4921-996e-ca445c47f566 to remote] DEBUG org.apache.http.headers  - http-outgoing-3 << date: Fri, 27 Jan 2017 06:44:23 GMT
 -18613 [Forwarding get on session 343d0c94-0b98-4921-996e-ca445c47f566 to remote] DEBUG org.apache.http.wire  - http-outgoing-3 << "{"name":"get","sessionId":"343d0c94-0b98-4921-996e-ca445c47f566","status":0,"value":""}"
 -18613 [Forwarding get on session 343d0c94-0b98-4921-996e-ca445c47f566 to remote] DEBUG org.apache.http.impl.conn.DefaultManagedHttpClientConnection  - http-outgoing-3: Shutdown connection
 -18613 [Forwarding get on session 343d0c94-0b98-4921-996e-ca445c47f566 to remote] DEBUG org.apache.http.impl.execchain.MainClientExec  - Connection discarded
 -18614 [Forwarding get on session 343d0c94-0b98-4921-996e-ca445c47f566 to remote] DEBUG org.apache.http.impl.conn.DefaultManagedHttpClientConnection  - http-outgoing-3: Close connection
 -18614 [Forwarding get on session 343d0c94-0b98-4921-996e-ca445c47f566 to remote] DEBUG org.apache.http.impl.conn.PoolingHttpClientConnectionManager  - Connection released: [id: 3][route: {}->http://127.0.0.1:7055][total kept alive: 0; route allocated: 0 of 2000; total allocated: 0 of 2000]
 -18629 [Forwarding setTimeout on session 343d0c94-0b98-4921-996e-ca445c47f566 to remote] DEBUG org.apache.http.client.protocol.RequestAddCookies  - CookieSpec selected: best-match
 -18629 [Forwarding setTimeout on session 343d0c94-0b98-4921-996e-ca445c47f566 to remote] DEBUG org.apache.http.client.protocol.RequestAuthCache  - Auth cache not set in the context
 -18629 [Forwarding setTimeout on session 343d0c94-0b98-4921-996e-ca445c47f566 to remote] DEBUG org.apache.http.impl.conn.PoolingHttpClientConnectionManager  - Connection request: [route: {}->http://127.0.0.1:7055][total kept alive: 0; route allocated: 0 of 2000; total allocated: 0 of 2000]
 -18629 [Forwarding setTimeout on session 343d0c94-0b98-4921-996e-ca445c47f566 to remote] DEBUG org.apache.http.impl.conn.PoolingHttpClientConnectionManager  - Connection leased: [id: 4][route: {}->http://127.0.0.1:7055][total kept alive: 0; route allocated: 1 of 2000; total allocated: 1 of 2000]
 -18630 [Forwarding setTimeout on session 343d0c94-0b98-4921-996e-ca445c47f566 to remote] DEBUG org.apache.http.impl.execchain.MainClientExec  - Opening connection {}->http://127.0.0.1:7055
 -18630 [Forwarding setTimeout on session 343d0c94-0b98-4921-996e-ca445c47f566 to remote] DEBUG org.apache.http.impl.conn.HttpClientConnectionOperator  - Connecting to /127.0.0.1:7055
 -18631 [Forwarding setTimeout on session 343d0c94-0b98-4921-996e-ca445c47f566 to remote] DEBUG org.apache.http.impl.conn.HttpClientConnectionOperator  - Connection established 127.0.0.1:61640<->127.0.0.1:7055
 -18631 [Forwarding setTimeout on session 343d0c94-0b98-4921-996e-ca445c47f566 to remote] DEBUG org.apache.http.impl.execchain.MainClientExec  - Executing request POST /hub/session/343d0c94-0b98-4921-996e-ca445c47f566/timeouts HTTP/1.1
 -18631 [Forwarding setTimeout on session 343d0c94-0b98-4921-996e-ca445c47f566 to remote] DEBUG org.apache.http.impl.execchain.MainClientExec  - Target auth state: UNCHALLENGED
 -18631 [Forwarding setTimeout on session 343d0c94-0b98-4921-996e-ca445c47f566 to remote] DEBUG org.apache.http.impl.execchain.MainClientExec  - Proxy auth state: UNCHALLENGED
 -18631 [Forwarding setTimeout on session 343d0c94-0b98-4921-996e-ca445c47f566 to remote] DEBUG org.apache.http.headers  - http-outgoing-4 >> POST /hub/session/343d0c94-0b98-4921-996e-ca445c47f566/timeouts HTTP/1.1
 -18631 [Forwarding setTimeout on session 343d0c94-0b98-4921-996e-ca445c47f566 to remote] DEBUG org.apache.http.headers  - http-outgoing-4 >> Content-Type: application/json; charset=utf-8
 -18631 [Forwarding setTimeout on session 343d0c94-0b98-4921-996e-ca445c47f566 to remote] DEBUG org.apache.http.headers  - http-outgoing-4 >> Content-Length: 26
 -18632 [Forwarding setTimeout on session 343d0c94-0b98-4921-996e-ca445c47f566 to remote] DEBUG org.apache.http.headers  - http-outgoing-4 >> Host: 127.0.0.1:7055
 -18632 [Forwarding setTimeout on session 343d0c94-0b98-4921-996e-ca445c47f566 to remote] DEBUG org.apache.http.headers  - http-outgoing-4 >> Connection: Keep-Alive
 -18632 [Forwarding setTimeout on session 343d0c94-0b98-4921-996e-ca445c47f566 to remote] DEBUG org.apache.http.headers  - http-outgoing-4 >> User-Agent: Apache-HttpClient/4.3.6 (java 1.5)
 -18632 [Forwarding setTimeout on session 343d0c94-0b98-4921-996e-ca445c47f566 to remote] DEBUG org.apache.http.headers  - http-outgoing-4 >> Accept-Encoding: gzip,deflate
 -18632 [Forwarding setTimeout on session 343d0c94-0b98-4921-996e-ca445c47f566 to remote] DEBUG org.apache.http.wire  - http-outgoing-4 >> "POST /hub/session/343d0c94-0b98-4921-996e-ca445c47f566/timeouts HTTP/1.1[\r][\n]"
 -18632 [Forwarding setTimeout on session 343d0c94-0b98-4921-996e-ca445c47f566 to remote] DEBUG org.apache.http.wire  - http-outgoing-4 >> "Content-Type: application/json; charset=utf-8[\r][\n]"
 -18632 [Forwarding setTimeout on session 343d0c94-0b98-4921-996e-ca445c47f566 to remote] DEBUG org.apache.http.wire  - http-outgoing-4 >> "Content-Length: 26[\r][\n]"
 -18632 [Forwarding setTimeout on session 343d0c94-0b98-4921-996e-ca445c47f566 to remote] DEBUG org.apache.http.wire  - http-outgoing-4 >> "Host: 127.0.0.1:7055[\r][\n]"
 -18632 [Forwarding setTimeout on session 343d0c94-0b98-4921-996e-ca445c47f566 to remote] DEBUG org.apache.http.wire  - http-outgoing-4 >> "Connection: Keep-Alive[\r][\n]"
 -18632 [Forwarding setTimeout on session 343d0c94-0b98-4921-996e-ca445c47f566 to remote] DEBUG org.apache.http.wire  - http-outgoing-4 >> "User-Agent: Apache-HttpClient/4.3.6 (java 1.5)[\r][\n]"
 -18632 [Forwarding setTimeout on session 343d0c94-0b98-4921-996e-ca445c47f566 to remote] DEBUG org.apache.http.wire  - http-outgoing-4 >> "Accept-Encoding: gzip,deflate[\r][\n]"
 -18632 [Forwarding setTimeout on session 343d0c94-0b98-4921-996e-ca445c47f566 to remote] DEBUG org.apache.http.wire  - http-outgoing-4 >> "[\r][\n]"
 -18633 [Forwarding setTimeout on session 343d0c94-0b98-4921-996e-ca445c47f566 to remote] DEBUG org.apache.http.wire  - http-outgoing-4 >> "{"type":"implicit","ms":0}"
 -18677 [Forwarding setTimeout on session 343d0c94-0b98-4921-996e-ca445c47f566 to remote] DEBUG org.apache.http.wire  - http-outgoing-4 << "HTTP/1.1 200 OK[\r][\n]"
 -18677 [Forwarding setTimeout on session 343d0c94-0b98-4921-996e-ca445c47f566 to remote] DEBUG org.apache.http.wire  - http-outgoing-4 << "content-type: application/json; charset=UTF-8[\r][\n]"
 -18677 [Forwarding setTimeout on session 343d0c94-0b98-4921-996e-ca445c47f566 to remote] DEBUG org.apache.http.wire  - http-outgoing-4 << "connection: close[\r][\n]"
 -18677 [Forwarding setTimeout on session 343d0c94-0b98-4921-996e-ca445c47f566 to remote] DEBUG org.apache.http.wire  - http-outgoing-4 << "content-length: 94[\r][\n]"
 -18677 [Forwarding setTimeout on session 343d0c94-0b98-4921-996e-ca445c47f566 to remote] DEBUG org.apache.http.wire  - http-outgoing-4 << "server: httpd.js[\r][\n]"
 -18678 [Forwarding setTimeout on session 343d0c94-0b98-4921-996e-ca445c47f566 to remote] DEBUG org.apache.http.wire  - http-outgoing-4 << "date: Fri, 27 Jan 2017 06:44:23 GMT[\r][\n]"
 -18678 [Forwarding setTimeout on session 343d0c94-0b98-4921-996e-ca445c47f566 to remote] DEBUG org.apache.http.wire  - http-outgoing-4 << "[\r][\n]"
 -18678 [Forwarding setTimeout on session 343d0c94-0b98-4921-996e-ca445c47f566 to remote] DEBUG org.apache.http.headers  - http-outgoing-4 << HTTP/1.1 200 OK
 -18678 [Forwarding setTimeout on session 343d0c94-0b98-4921-996e-ca445c47f566 to remote] DEBUG org.apache.http.headers  - http-outgoing-4 << content-type: application/json; charset=UTF-8
 -18678 [Forwarding setTimeout on session 343d0c94-0b98-4921-996e-ca445c47f566 to remote] DEBUG org.apache.http.headers  - http-outgoing-4 << connection: close
 -18678 [Forwarding setTimeout on session 343d0c94-0b98-4921-996e-ca445c47f566 to remote] DEBUG org.apache.http.headers  - http-outgoing-4 << content-length: 94
 -18678 [Forwarding setTimeout on session 343d0c94-0b98-4921-996e-ca445c47f566 to remote] DEBUG org.apache.http.headers  - http-outgoing-4 << server: httpd.js
 -18678 [Forwarding setTimeout on session 343d0c94-0b98-4921-996e-ca445c47f566 to remote] DEBUG org.apache.http.headers  - http-outgoing-4 << date: Fri, 27 Jan 2017 06:44:23 GMT
 -18679 [Forwarding setTimeout on session 343d0c94-0b98-4921-996e-ca445c47f566 to remote] DEBUG org.apache.http.wire  - http-outgoing-4 << "{"name":"setTimeout","sessionId":"343d0c94-0b98-4921-996e-ca445c47f566","status":0,"value":""}"
 -18679 [Forwarding setTimeout on session 343d0c94-0b98-4921-996e-ca445c47f566 to remote] DEBUG org.apache.http.impl.conn.DefaultManagedHttpClientConnection  - http-outgoing-4: Shutdown connection
 -18679 [Forwarding setTimeout on session 343d0c94-0b98-4921-996e-ca445c47f566 to remote] DEBUG org.apache.http.impl.execchain.MainClientExec  - Connection discarded
 -18680 [Forwarding setTimeout on session 343d0c94-0b98-4921-996e-ca445c47f566 to remote] DEBUG org.apache.http.impl.conn.DefaultManagedHttpClientConnection  - http-outgoing-4: Close connection
 -18680 [Forwarding setTimeout on session 343d0c94-0b98-4921-996e-ca445c47f566 to remote] DEBUG org.apache.http.impl.conn.PoolingHttpClientConnectionManager  - Connection released: [id: 4][route: {}->http://127.0.0.1:7055][total kept alive: 0; route allocated: 0 of 2000; total allocated: 0 of 2000]
 -18691 [Forwarding findElement on session 343d0c94-0b98-4921-996e-ca445c47f566 to remote] DEBUG org.apache.http.client.protocol.RequestAddCookies  - CookieSpec selected: best-match
 -18692 [Forwarding findElement on session 343d0c94-0b98-4921-996e-ca445c47f566 to remote] DEBUG org.apache.http.client.protocol.RequestAuthCache  - Auth cache not set in the context
 -18692 [Forwarding findElement on session 343d0c94-0b98-4921-996e-ca445c47f566 to remote] DEBUG org.apache.http.impl.conn.PoolingHttpClientConnectionManager  - Connection request: [route: {}->http://127.0.0.1:7055][total kept alive: 0; route allocated: 0 of 2000; total allocated: 0 of 2000]
 -18692 [Forwarding findElement on session 343d0c94-0b98-4921-996e-ca445c47f566 to remote] DEBUG org.apache.http.impl.conn.PoolingHttpClientConnectionManager  - Connection leased: [id: 5][route: {}->http://127.0.0.1:7055][total kept alive: 0; route allocated: 1 of 2000; total allocated: 1 of 2000]
 -18692 [Forwarding findElement on session 343d0c94-0b98-4921-996e-ca445c47f566 to remote] DEBUG org.apache.http.impl.execchain.MainClientExec  - Opening connection {}->http://127.0.0.1:7055
 -18693 [Forwarding findElement on session 343d0c94-0b98-4921-996e-ca445c47f566 to remote] DEBUG org.apache.http.impl.conn.HttpClientConnectionOperator  - Connecting to /127.0.0.1:7055
 -18693 [Forwarding findElement on session 343d0c94-0b98-4921-996e-ca445c47f566 to remote] DEBUG org.apache.http.impl.conn.HttpClientConnectionOperator  - Connection established 127.0.0.1:61642<->127.0.0.1:7055
 -18694 [Forwarding findElement on session 343d0c94-0b98-4921-996e-ca445c47f566 to remote] DEBUG org.apache.http.impl.execchain.MainClientExec  - Executing request POST /hub/session/343d0c94-0b98-4921-996e-ca445c47f566/element HTTP/1.1
 -18694 [Forwarding findElement on session 343d0c94-0b98-4921-996e-ca445c47f566 to remote] DEBUG org.apache.http.impl.execchain.MainClientExec  - Target auth state: UNCHALLENGED
 -18694 [Forwarding findElement on session 343d0c94-0b98-4921-996e-ca445c47f566 to remote] DEBUG org.apache.http.impl.execchain.MainClientExec  - Proxy auth state: UNCHALLENGED
 -18694 [Forwarding findElement on session 343d0c94-0b98-4921-996e-ca445c47f566 to remote] DEBUG org.apache.http.headers  - http-outgoing-5 >> POST /hub/session/343d0c94-0b98-4921-996e-ca445c47f566/element HTTP/1.1
 -18694 [Forwarding findElement on session 343d0c94-0b98-4921-996e-ca445c47f566 to remote] DEBUG org.apache.http.headers  - http-outgoing-5 >> Content-Type: application/json; charset=utf-8
 -18694 [Forwarding findElement on session 343d0c94-0b98-4921-996e-ca445c47f566 to remote] DEBUG org.apache.http.headers  - http-outgoing-5 >> Content-Length: 89
 -18694 [Forwarding findElement on session 343d0c94-0b98-4921-996e-ca445c47f566 to remote] DEBUG org.apache.http.headers  - http-outgoing-5 >> Host: 127.0.0.1:7055
 -18695 [Forwarding findElement on session 343d0c94-0b98-4921-996e-ca445c47f566 to remote] DEBUG org.apache.http.headers  - http-outgoing-5 >> Connection: Keep-Alive
 -18695 [Forwarding findElement on session 343d0c94-0b98-4921-996e-ca445c47f566 to remote] DEBUG org.apache.http.headers  - http-outgoing-5 >> User-Agent: Apache-HttpClient/4.3.6 (java 1.5)
 -18695 [Forwarding findElement on session 343d0c94-0b98-4921-996e-ca445c47f566 to remote] DEBUG org.apache.http.headers  - http-outgoing-5 >> Accept-Encoding: gzip,deflate
 -18695 [Forwarding findElement on session 343d0c94-0b98-4921-996e-ca445c47f566 to remote] DEBUG org.apache.http.wire  - http-outgoing-5 >> "POST /hub/session/343d0c94-0b98-4921-996e-ca445c47f566/element HTTP/1.1[\r][\n]"
 -18695 [Forwarding findElement on session 343d0c94-0b98-4921-996e-ca445c47f566 to remote] DEBUG org.apache.http.wire  - http-outgoing-5 >> "Content-Type: application/json; charset=utf-8[\r][\n]"
 -18695 [Forwarding findElement on session 343d0c94-0b98-4921-996e-ca445c47f566 to remote] DEBUG org.apache.http.wire  - http-outgoing-5 >> "Content-Length: 89[\r][\n]"
 -18695 [Forwarding findElement on session 343d0c94-0b98-4921-996e-ca445c47f566 to remote] DEBUG org.apache.http.wire  - http-outgoing-5 >> "Host: 127.0.0.1:7055[\r][\n]"
 -18695 [Forwarding findElement on session 343d0c94-0b98-4921-996e-ca445c47f566 to remote] DEBUG org.apache.http.wire  - http-outgoing-5 >> "Connection: Keep-Alive[\r][\n]"
 -18695 [Forwarding findElement on session 343d0c94-0b98-4921-996e-ca445c47f566 to remote] DEBUG org.apache.http.wire  - http-outgoing-5 >> "User-Agent: Apache-HttpClient/4.3.6 (java 1.5)[\r][\n]"
 -18695 [Forwarding findElement on session 343d0c94-0b98-4921-996e-ca445c47f566 to remote] DEBUG org.apache.http.wire  - http-outgoing-5 >> "Accept-Encoding: gzip,deflate[\r][\n]"
 -18695 [Forwarding findElement on session 343d0c94-0b98-4921-996e-ca445c47f566 to remote] DEBUG org.apache.http.wire  - http-outgoing-5 >> "[\r][\n]"
 -18696 [Forwarding findElement on session 343d0c94-0b98-4921-996e-ca445c47f566 to remote] DEBUG org.apache.http.wire  - http-outgoing-5 >> "{"using":"css selector","value":".service-navigation__dropdown>ul>li>a>span:not(.arrow)"}"
 -18730 [Forwarding findElement on session 343d0c94-0b98-4921-996e-ca445c47f566 to remote] DEBUG org.apache.http.wire  - http-outgoing-5 << "HTTP/1.1 500 Internal Server Error[\r][\n]"
 -18730 [Forwarding findElement on session 343d0c94-0b98-4921-996e-ca445c47f566 to remote] DEBUG org.apache.http.wire  - http-outgoing-5 << "content-type: application/json; charset=UTF-8[\r][\n]"
 -18730 [Forwarding findElement on session 343d0c94-0b98-4921-996e-ca445c47f566 to remote] DEBUG org.apache.http.wire  - http-outgoing-5 << "connection: close[\r][\n]"
 -18730 [Forwarding findElement on session 343d0c94-0b98-4921-996e-ca445c47f566 to remote] DEBUG org.apache.http.wire  - http-outgoing-5 << "content-length: 1469[\r][\n]"
 -18730 [Forwarding findElement on session 343d0c94-0b98-4921-996e-ca445c47f566 to remote] DEBUG org.apache.http.wire  - http-outgoing-5 << "server: httpd.js[\r][\n]"
 -18730 [Forwarding findElement on session 343d0c94-0b98-4921-996e-ca445c47f566 to remote] DEBUG org.apache.http.wire  - http-outgoing-5 << "date: Fri, 27 Jan 2017 06:44:23 GMT[\r][\n]"
 -18730 [Forwarding findElement on session 343d0c94-0b98-4921-996e-ca445c47f566 to remote] DEBUG org.apache.http.wire  - http-outgoing-5 << "[\r][\n]"
 -18731 [Forwarding findElement on session 343d0c94-0b98-4921-996e-ca445c47f566 to remote] DEBUG org.apache.http.headers  - http-outgoing-5 << HTTP/1.1 500 Internal Server Error
 -18731 [Forwarding findElement on session 343d0c94-0b98-4921-996e-ca445c47f566 to remote] DEBUG org.apache.http.headers  - http-outgoing-5 << content-type: application/json; charset=UTF-8
 -18731 [Forwarding findElement on session 343d0c94-0b98-4921-996e-ca445c47f566 to remote] DEBUG org.apache.http.headers  - http-outgoing-5 << connection: close
 -18731 [Forwarding findElement on session 343d0c94-0b98-4921-996e-ca445c47f566 to remote] DEBUG org.apache.http.headers  - http-outgoing-5 << content-length: 1469
 -18731 [Forwarding findElement on session 343d0c94-0b98-4921-996e-ca445c47f566 to remote] DEBUG org.apache.http.headers  - http-outgoing-5 << server: httpd.js
 -18731 [Forwarding findElement on session 343d0c94-0b98-4921-996e-ca445c47f566 to remote] DEBUG org.apache.http.headers  - http-outgoing-5 << date: Fri, 27 Jan 2017 06:44:23 GMT
 -18732 [Forwarding findElement on session 343d0c94-0b98-4921-996e-ca445c47f566 to remote] DEBUG org.apache.http.wire  - http-outgoing-5 << "{"name":"findElement","sessionId":"343d0c94-0b98-4921-996e-ca445c47f566","status":7,"value":{"message":"Unable to locate element: {\"method\":\"css selector\",\"selector\":\".service-navigation__dropdown>ul>li>a>span:not(.arrow)\"}","stackTrace":[{"methodName":"FirefoxDriver.prototype.findElementInternal_","fileName":"file:///C:/Users/rao08/AppData/Local/Temp/anonymous5941514134848211728webdriver-profile/extensions/fxdriver@googlecode.com/components/driver-component.js","lineNumber":10299},{"methodName":"FirefoxDriver.prototype.findElement","fileName":"file:///C:/Users/rao08/AppData/Local/Temp/anonymous5941514134848211728webdriver-profile/extensions/fxdriver@googlecode.com/components/driver-component.js","lineNumber":10308},{"methodName":"DelayedCommand.prototype.executeInternal_/h","fileName":"file:///C:/Users/rao08/AppData/Local/Temp/anonymous5941514134848211728webdriver-profile/extensions/fxdriver@googlecode.com/components/command-processor.js","lineNumber":12282},{"methodName":"DelayedCommand.prototype.executeInternal_","fileName":"file:///C:/Users/rao08/AppData/Local/Temp/anonymous5941514134848211728webdriver-profile/extensions/fxdriver@googlecode.com/components/command-processor.js","lineNumber":12287},{"methodName":"DelayedCommand.prototype.execute/<","fileName":"file:///C:/Users/rao08/AppData/Local/Temp/anonymous5941514134848211728webdriver-profile/extensions/fxdriver@googlecode.com/components/command-processor.js","lineNumber":12229}]}}"
 -18732 [Forwarding findElement on session 343d0c94-0b98-4921-996e-ca445c47f566 to remote] DEBUG org.apache.http.impl.conn.DefaultManagedHttpClientConnection  - http-outgoing-5: Shutdown connection
 -18733 [Forwarding findElement on session 343d0c94-0b98-4921-996e-ca445c47f566 to remote] DEBUG org.apache.http.impl.execchain.MainClientExec  - Connection discarded
 -18733 [Forwarding findElement on session 343d0c94-0b98-4921-996e-ca445c47f566 to remote] DEBUG org.apache.http.impl.conn.DefaultManagedHttpClientConnection  - http-outgoing-5: Close connection
 -18733 [Forwarding findElement on session 343d0c94-0b98-4921-996e-ca445c47f566 to remote] DEBUG org.apache.http.impl.conn.PoolingHttpClientConnectionManager  - Connection released: [id: 5][route: {}->http://127.0.0.1:7055][total kept alive: 0; route allocated: 0 of 2000; total allocated: 0 of 2000]
 -19280 [Forwarding findElement on session 343d0c94-0b98-4921-996e-ca445c47f566 to remote] DEBUG org.apache.http.client.protocol.RequestAddCookies  - CookieSpec selected: best-match
 -19280 [Forwarding findElement on session 343d0c94-0b98-4921-996e-ca445c47f566 to remote] DEBUG org.apache.http.client.protocol.RequestAuthCache  - Auth cache not set in the context
 -19281 [Forwarding findElement on session 343d0c94-0b98-4921-996e-ca445c47f566 to remote] DEBUG org.apache.http.impl.conn.PoolingHttpClientConnectionManager  - Connection request: [route: {}->http://127.0.0.1:7055][total kept alive: 0; route allocated: 0 of 2000; total allocated: 0 of 2000]
 -19281 [Forwarding findElement on session 343d0c94-0b98-4921-996e-ca445c47f566 to remote] DEBUG org.apache.http.impl.conn.PoolingHttpClientConnectionManager  - Connection leased: [id: 6][route: {}->http://127.0.0.1:7055][total kept alive: 0; route allocated: 1 of 2000; total allocated: 1 of 2000]
 -19281 [Forwarding findElement on session 343d0c94-0b98-4921-996e-ca445c47f566 to remote] DEBUG org.apache.http.impl.execchain.MainClientExec  - Opening connection {}->http://127.0.0.1:7055
 -19282 [Forwarding findElement on session 343d0c94-0b98-4921-996e-ca445c47f566 to remote] DEBUG org.apache.http.impl.conn.HttpClientConnectionOperator  - Connecting to /127.0.0.1:7055
 -19282 [Forwarding findElement on session 343d0c94-0b98-4921-996e-ca445c47f566 to remote] DEBUG org.apache.http.impl.conn.HttpClientConnectionOperator  - Connection established 127.0.0.1:61646<->127.0.0.1:7055
 -19283 [Forwarding findElement on session 343d0c94-0b98-4921-996e-ca445c47f566 to remote] DEBUG org.apache.http.impl.execchain.MainClientExec  - Executing request POST /hub/session/343d0c94-0b98-4921-996e-ca445c47f566/element HTTP/1.1
 -19283 [Forwarding findElement on session 343d0c94-0b98-4921-996e-ca445c47f566 to remote] DEBUG org.apache.http.impl.execchain.MainClientExec  - Target auth state: UNCHALLENGED
 -19283 [Forwarding findElement on session 343d0c94-0b98-4921-996e-ca445c47f566 to remote] DEBUG org.apache.http.impl.execchain.MainClientExec  - Proxy auth state: UNCHALLENGED
 -19283 [Forwarding findElement on session 343d0c94-0b98-4921-996e-ca445c47f566 to remote] DEBUG org.apache.http.headers  - http-outgoing-6 >> POST /hub/session/343d0c94-0b98-4921-996e-ca445c47f566/element HTTP/1.1
 -19284 [Forwarding findElement on session 343d0c94-0b98-4921-996e-ca445c47f566 to remote] DEBUG org.apache.http.headers  - http-outgoing-6 >> Content-Type: application/json; charset=utf-8
 -19284 [Forwarding findElement on session 343d0c94-0b98-4921-996e-ca445c47f566 to remote] DEBUG org.apache.http.headers  - http-outgoing-6 >> Content-Length: 89
 -19284 [Forwarding findElement on session 343d0c94-0b98-4921-996e-ca445c47f566 to remote] DEBUG org.apache.http.headers  - http-outgoing-6 >> Host: 127.0.0.1:7055
 -19284 [Forwarding findElement on session 343d0c94-0b98-4921-996e-ca445c47f566 to remote] DEBUG org.apache.http.headers  - http-outgoing-6 >> Connection: Keep-Alive
 -19285 [Forwarding findElement on session 343d0c94-0b98-4921-996e-ca445c47f566 to remote] DEBUG org.apache.http.headers  - http-outgoing-6 >> User-Agent: Apache-HttpClient/4.3.6 (java 1.5)
 -19285 [Forwarding findElement on session 343d0c94-0b98-4921-996e-ca445c47f566 to remote] DEBUG org.apache.http.headers  - http-outgoing-6 >> Accept-Encoding: gzip,deflate
 -19285 [Forwarding findElement on session 343d0c94-0b98-4921-996e-ca445c47f566 to remote] DEBUG org.apache.http.wire  - http-outgoing-6 >> "POST /hub/session/343d0c94-0b98-4921-996e-ca445c47f566/element HTTP/1.1[\r][\n]"
 -19285 [Forwarding findElement on session 343d0c94-0b98-4921-996e-ca445c47f566 to remote] DEBUG org.apache.http.wire  - http-outgoing-6 >> "Content-Type: application/json; charset=utf-8[\r][\n]"
 -19285 [Forwarding findElement on session 343d0c94-0b98-4921-996e-ca445c47f566 to remote] DEBUG org.apache.http.wire  - http-outgoing-6 >> "Content-Length: 89[\r][\n]"
 -19285 [Forwarding findElement on session 343d0c94-0b98-4921-996e-ca445c47f566 to remote] DEBUG org.apache.http.wire  - http-outgoing-6 >> "Host: 127.0.0.1:7055[\r][\n]"
 -19285 [Forwarding findElement on session 343d0c94-0b98-4921-996e-ca445c47f566 to remote] DEBUG org.apache.http.wire  - http-outgoing-6 >> "Connection: Keep-Alive[\r][\n]"
 -19285 [Forwarding findElement on session 343d0c94-0b98-4921-996e-ca445c47f566 to remote] DEBUG org.apache.http.wire  - http-outgoing-6 >> "User-Agent: Apache-HttpClient/4.3.6 (java 1.5)[\r][\n]"
 -19285 [Forwarding findElement on session 343d0c94-0b98-4921-996e-ca445c47f566 to remote] DEBUG org.apache.http.wire  - http-outgoing-6 >> "Accept-Encoding: gzip,deflate[\r][\n]"
 -19285 [Forwarding findElement on session 343d0c94-0b98-4921-996e-ca445c47f566 to remote] DEBUG org.apache.http.wire  - http-outgoing-6 >> "[\r][\n]"
 -19285 [Forwarding findElement on session 343d0c94-0b98-4921-996e-ca445c47f566 to remote] DEBUG org.apache.http.wire  - http-outgoing-6 >> "{"using":"css selector","value":".service-navigation__dropdown>ul>li>a>span:not(.arrow)"}"
 -19320 [Forwarding findElement on session 343d0c94-0b98-4921-996e-ca445c47f566 to remote] DEBUG org.apache.http.wire  - http-outgoing-6 << "HTTP/1.1 500 Internal Server Error[\r][\n]"
 -19320 [Forwarding findElement on session 343d0c94-0b98-4921-996e-ca445c47f566 to remote] DEBUG org.apache.http.wire  - http-outgoing-6 << "content-type: application/json; charset=UTF-8[\r][\n]"
 -19320 [Forwarding findElement on session 343d0c94-0b98-4921-996e-ca445c47f566 to remote] DEBUG org.apache.http.wire  - http-outgoing-6 << "connection: close[\r][\n]"
 -19320 [Forwarding findElement on session 343d0c94-0b98-4921-996e-ca445c47f566 to remote] DEBUG org.apache.http.wire  - http-outgoing-6 << "content-length: 1469[\r][\n]"
 -19320 [Forwarding findElement on session 343d0c94-0b98-4921-996e-ca445c47f566 to remote] DEBUG org.apache.http.wire  - http-outgoing-6 << "server: httpd.js[\r][\n]"
 -19320 [Forwarding findElement on session 343d0c94-0b98-4921-996e-ca445c47f566 to remote] DEBUG org.apache.http.wire  - http-outgoing-6 << "date: Fri, 27 Jan 2017 06:44:23 GMT[\r][\n]"
 -19321 [Forwarding findElement on session 343d0c94-0b98-4921-996e-ca445c47f566 to remote] DEBUG org.apache.http.wire  - http-outgoing-6 << "[\r][\n]"
 -19321 [Forwarding findElement on session 343d0c94-0b98-4921-996e-ca445c47f566 to remote] DEBUG org.apache.http.headers  - http-outgoing-6 << HTTP/1.1 500 Internal Server Error
 -19321 [Forwarding findElement on session 343d0c94-0b98-4921-996e-ca445c47f566 to remote] DEBUG org.apache.http.headers  - http-outgoing-6 << content-type: application/json; charset=UTF-8
 -19321 [Forwarding findElement on session 343d0c94-0b98-4921-996e-ca445c47f566 to remote] DEBUG org.apache.http.headers  - http-outgoing-6 << connection: close
 -19321 [Forwarding findElement on session 343d0c94-0b98-4921-996e-ca445c47f566 to remote] DEBUG org.apache.http.headers  - http-outgoing-6 << content-length: 1469
 -19321 [Forwarding findElement on session 343d0c94-0b98-4921-996e-ca445c47f566 to remote] DEBUG org.apache.http.headers  - http-outgoing-6 << server: httpd.js
 -19321 [Forwarding findElement on session 343d0c94-0b98-4921-996e-ca445c47f566 to remote] DEBUG org.apache.http.headers  - http-outgoing-6 << date: Fri, 27 Jan 2017 06:44:23 GMT
 -19322 [Forwarding findElement on session 343d0c94-0b98-4921-996e-ca445c47f566 to remote] DEBUG org.apache.http.wire  - http-outgoing-6 << "{"name":"findElement","sessionId":"343d0c94-0b98-4921-996e-ca445c47f566","status":7,"value":{"message":"Unable to locate element: {\"method\":\"css selector\",\"selector\":\".service-navigation__dropdown>ul>li>a>span:not(.arrow)\"}","stackTrace":[{"methodName":"FirefoxDriver.prototype.findElementInternal_","fileName":"file:///C:/Users/rao08/AppData/Local/Temp/anonymous5941514134848211728webdriver-profile/extensions/fxdriver@googlecode.com/components/driver-component.js","lineNumber":10299},{"methodName":"FirefoxDriver.prototype.findElement","fileName":"file:///C:/Users/rao08/AppData/Local/Temp/anonymous5941514134848211728webdriver-profile/extensions/fxdriver@googlecode.com/components/driver-component.js","lineNumber":10308},{"methodName":"DelayedCommand.prototype.executeInternal_/h","fileName":"file:///C:/Users/rao08/AppData/Local/Temp/anonymous5941514134848211728webdriver-profile/extensions/fxdriver@googlecode.com/components/command-processor.js","lineNumber":12282},{"methodName":"DelayedCommand.prototype.executeInternal_","fileName":"file:///C:/Users/rao08/AppData/Local/Temp/anonymous5941514134848211728webdriver-profile/extensions/fxdriver@googlecode.com/components/command-processor.js","lineNumber":12287},{"methodName":"DelayedCommand.prototype.execute/<","fileName":"file:///C:/Users/rao08/AppData/Local/Temp/anonymous5941514134848211728webdriver-profile/extensions/fxdriver@googlecode.com/components/command-processor.js","lineNumber":12229}]}}"
 -19322 [Forwarding findElement on session 343d0c94-0b98-4921-996e-ca445c47f566 to remote] DEBUG org.apache.http.impl.conn.DefaultManagedHttpClientConnection  - http-outgoing-6: Shutdown connection
 -19322 [Forwarding findElement on session 343d0c94-0b98-4921-996e-ca445c47f566 to remote] DEBUG org.apache.http.impl.execchain.MainClientExec  - Connection discarded
 -19323 [Forwarding findElement on session 343d0c94-0b98-4921-996e-ca445c47f566 to remote] DEBUG org.apache.http.impl.conn.DefaultManagedHttpClientConnection  - http-outgoing-6: Close connection
 -19323 [Forwarding findElement on session 343d0c94-0b98-4921-996e-ca445c47f566 to remote] DEBUG org.apache.http.impl.conn.PoolingHttpClientConnectionManager  - Connection released: [id: 6][route: {}->http://127.0.0.1:7055][total kept alive: 0; route allocated: 0 of 2000; total allocated: 0 of 2000]
 -19829 [Forwarding findElement on session 343d0c94-0b98-4921-996e-ca445c47f566 to remote] DEBUG org.apache.http.client.protocol.RequestAddCookies  - CookieSpec selected: best-match
 -19829 [Forwarding findElement on session 343d0c94-0b98-4921-996e-ca445c47f566 to remote] DEBUG org.apache.http.client.protocol.RequestAuthCache  - Auth cache not set in the context
 -19830 [Forwarding findElement on session 343d0c94-0b98-4921-996e-ca445c47f566 to remote] DEBUG org.apache.http.impl.conn.PoolingHttpClientConnectionManager  - Connection request: [route: {}->http://127.0.0.1:7055][total kept alive: 0; route allocated: 0 of 2000; total allocated: 0 of 2000]
 -19830 [Forwarding findElement on session 343d0c94-0b98-4921-996e-ca445c47f566 to remote] DEBUG org.apache.http.impl.conn.PoolingHttpClientConnectionManager  - Connection leased: [id: 7][route: {}->http://127.0.0.1:7055][total kept alive: 0; route allocated: 1 of 2000; total allocated: 1 of 2000]
 -19830 [Forwarding findElement on session 343d0c94-0b98-4921-996e-ca445c47f566 to remote] DEBUG org.apache.http.impl.execchain.MainClientExec  - Opening connection {}->http://127.0.0.1:7055
 -19830 [Forwarding findElement on session 343d0c94-0b98-4921-996e-ca445c47f566 to remote] DEBUG org.apache.http.impl.conn.HttpClientConnectionOperator  - Connecting to /127.0.0.1:7055
 -19831 [Forwarding findElement on session 343d0c94-0b98-4921-996e-ca445c47f566 to remote] DEBUG org.apache.http.impl.conn.HttpClientConnectionOperator  - Connection established 127.0.0.1:61653<->127.0.0.1:7055
 -19831 [Forwarding findElement on session 343d0c94-0b98-4921-996e-ca445c47f566 to remote] DEBUG org.apache.http.impl.execchain.MainClientExec  - Executing request POST /hub/session/343d0c94-0b98-4921-996e-ca445c47f566/element HTTP/1.1
 -19831 [Forwarding findElement on session 343d0c94-0b98-4921-996e-ca445c47f566 to remote] DEBUG org.apache.http.impl.execchain.MainClientExec  - Target auth state: UNCHALLENGED
 -19831 [Forwarding findElement on session 343d0c94-0b98-4921-996e-ca445c47f566 to remote] DEBUG org.apache.http.impl.execchain.MainClientExec  - Proxy auth state: UNCHALLENGED
 -19832 [Forwarding findElement on session 343d0c94-0b98-4921-996e-ca445c47f566 to remote] DEBUG org.apache.http.headers  - http-outgoing-7 >> POST /hub/session/343d0c94-0b98-4921-996e-ca445c47f566/element HTTP/1.1
 -19832 [Forwarding findElement on session 343d0c94-0b98-4921-996e-ca445c47f566 to remote] DEBUG org.apache.http.headers  - http-outgoing-7 >> Content-Type: application/json; charset=utf-8
 -19832 [Forwarding findElement on session 343d0c94-0b98-4921-996e-ca445c47f566 to remote] DEBUG org.apache.http.headers  - http-outgoing-7 >> Content-Length: 89
 -19832 [Forwarding findElement on session 343d0c94-0b98-4921-996e-ca445c47f566 to remote] DEBUG org.apache.http.headers  - http-outgoing-7 >> Host: 127.0.0.1:7055
 -19832 [Forwarding findElement on session 343d0c94-0b98-4921-996e-ca445c47f566 to remote] DEBUG org.apache.http.headers  - http-outgoing-7 >> Connection: Keep-Alive
 -19832 [Forwarding findElement on session 343d0c94-0b98-4921-996e-ca445c47f566 to remote] DEBUG org.apache.http.headers  - http-outgoing-7 >> User-Agent: Apache-HttpClient/4.3.6 (java 1.5)
 -19832 [Forwarding findElement on session 343d0c94-0b98-4921-996e-ca445c47f566 to remote] DEBUG org.apache.http.headers  - http-outgoing-7 >> Accept-Encoding: gzip,deflate
 -19832 [Forwarding findElement on session 343d0c94-0b98-4921-996e-ca445c47f566 to remote] DEBUG org.apache.http.wire  - http-outgoing-7 >> "POST /hub/session/343d0c94-0b98-4921-996e-ca445c47f566/element HTTP/1.1[\r][\n]"
 -19832 [Forwarding findElement on session 343d0c94-0b98-4921-996e-ca445c47f566 to remote] DEBUG org.apache.http.wire  - http-outgoing-7 >> "Content-Type: application/json; charset=utf-8[\r][\n]"
 -19833 [Forwarding findElement on session 343d0c94-0b98-4921-996e-ca445c47f566 to remote] DEBUG org.apache.http.wire  - http-outgoing-7 >> "Content-Length: 89[\r][\n]"
 -19833 [Forwarding findElement on session 343d0c94-0b98-4921-996e-ca445c47f566 to remote] DEBUG org.apache.http.wire  - http-outgoing-7 >> "Host: 127.0.0.1:7055[\r][\n]"
 -19833 [Forwarding findElement on session 343d0c94-0b98-4921-996e-ca445c47f566 to remote] DEBUG org.apache.http.wire  - http-outgoing-7 >> "Connection: Keep-Alive[\r][\n]"
 -19833 [Forwarding findElement on session 343d0c94-0b98-4921-996e-ca445c47f566 to remote] DEBUG org.apache.http.wire  - http-outgoing-7 >> "User-Agent: Apache-HttpClient/4.3.6 (java 1.5)[\r][\n]"
 -19833 [Forwarding findElement on session 343d0c94-0b98-4921-996e-ca445c47f566 to remote] DEBUG org.apache.http.wire  - http-outgoing-7 >> "Accept-Encoding: gzip,deflate[\r][\n]"
 -19833 [Forwarding findElement on session 343d0c94-0b98-4921-996e-ca445c47f566 to remote] DEBUG org.apache.http.wire  - http-outgoing-7 >> "[\r][\n]"
 -19833 [Forwarding findElement on session 343d0c94-0b98-4921-996e-ca445c47f566 to remote] DEBUG org.apache.http.wire  - http-outgoing-7 >> "{"using":"css selector","value":".service-navigation__dropdown>ul>li>a>span:not(.arrow)"}"
 -19868 [Forwarding findElement on session 343d0c94-0b98-4921-996e-ca445c47f566 to remote] DEBUG org.apache.http.wire  - http-outgoing-7 << "HTTP/1.1 500 Internal Server Error[\r][\n]"
 -19868 [Forwarding findElement on session 343d0c94-0b98-4921-996e-ca445c47f566 to remote] DEBUG org.apache.http.wire  - http-outgoing-7 << "content-type: application/json; charset=UTF-8[\r][\n]"
 -19868 [Forwarding findElement on session 343d0c94-0b98-4921-996e-ca445c47f566 to remote] DEBUG org.apache.http.wire  - http-outgoing-7 << "connection: close[\r][\n]"
 -19868 [Forwarding findElement on session 343d0c94-0b98-4921-996e-ca445c47f566 to remote] DEBUG org.apache.http.wire  - http-outgoing-7 << "content-length: 1469[\r][\n]"
 -19868 [Forwarding findElement on session 343d0c94-0b98-4921-996e-ca445c47f566 to remote] DEBUG org.apache.http.wire  - http-outgoing-7 << "server: httpd.js[\r][\n]"
 -19868 [Forwarding findElement on session 343d0c94-0b98-4921-996e-ca445c47f566 to remote] DEBUG org.apache.http.wire  - http-outgoing-7 << "date: Fri, 27 Jan 2017 06:44:24 GMT[\r][\n]"
 -19868 [Forwarding findElement on session 343d0c94-0b98-4921-996e-ca445c47f566 to remote] DEBUG org.apache.http.wire  - http-outgoing-7 << "[\r][\n]"
 -19869 [Forwarding findElement on session 343d0c94-0b98-4921-996e-ca445c47f566 to remote] DEBUG org.apache.http.headers  - http-outgoing-7 << HTTP/1.1 500 Internal Server Error
 -19869 [Forwarding findElement on session 343d0c94-0b98-4921-996e-ca445c47f566 to remote] DEBUG org.apache.http.headers  - http-outgoing-7 << content-type: application/json; charset=UTF-8
 -19869 [Forwarding findElement on session 343d0c94-0b98-4921-996e-ca445c47f566 to remote] DEBUG org.apache.http.headers  - http-outgoing-7 << connection: close
 -19869 [Forwarding findElement on session 343d0c94-0b98-4921-996e-ca445c47f566 to remote] DEBUG org.apache.http.headers  - http-outgoing-7 << content-length: 1469
 -19869 [Forwarding findElement on session 343d0c94-0b98-4921-996e-ca445c47f566 to remote] DEBUG org.apache.http.headers  - http-outgoing-7 << server: httpd.js
 -19869 [Forwarding findElement on session 343d0c94-0b98-4921-996e-ca445c47f566 to remote] DEBUG org.apache.http.headers  - http-outgoing-7 << date: Fri, 27 Jan 2017 06:44:24 GMT
 -19870 [Forwarding findElement on session 343d0c94-0b98-4921-996e-ca445c47f566 to remote] DEBUG org.apache.http.wire  - http-outgoing-7 << "{"name":"findElement","sessionId":"343d0c94-0b98-4921-996e-ca445c47f566","status":7,"value":{"message":"Unable to locate element: {\"method\":\"css selector\",\"selector\":\".service-navigation__dropdown>ul>li>a>span:not(.arrow)\"}","stackTrace":[{"methodName":"FirefoxDriver.prototype.findElementInternal_","fileName":"file:///C:/Users/rao08/AppData/Local/Temp/anonymous5941514134848211728webdriver-profile/extensions/fxdriver@googlecode.com/components/driver-component.js","lineNumber":10299},{"methodName":"FirefoxDriver.prototype.findElement","fileName":"file:///C:/Users/rao08/AppData/Local/Temp/anonymous5941514134848211728webdriver-profile/extensions/fxdriver@googlecode.com/components/driver-component.js","lineNumber":10308},{"methodName":"DelayedCommand.prototype.executeInternal_/h","fileName":"file:///C:/Users/rao08/AppData/Local/Temp/anonymous5941514134848211728webdriver-profile/extensions/fxdriver@googlecode.com/components/command-processor.js","lineNumber":12282},{"methodName":"DelayedCommand.prototype.executeInternal_","fileName":"file:///C:/Users/rao08/AppData/Local/Temp/anonymous5941514134848211728webdriver-profile/extensions/fxdriver@googlecode.com/components/command-processor.js","lineNumber":12287},{"methodName":"DelayedCommand.prototype.execute/<","fileName":"file:///C:/Users/rao08/AppData/Local/Temp/anonymous5941514134848211728webdriver-profile/extensions/fxdriver@googlecode.com/components/command-processor.js","lineNumber":12229}]}}"
 -19870 [Forwarding findElement on session 343d0c94-0b98-4921-996e-ca445c47f566 to remote] DEBUG org.apache.http.impl.conn.DefaultManagedHttpClientConnection  - http-outgoing-7: Shutdown connection
 -19871 [Forwarding findElement on session 343d0c94-0b98-4921-996e-ca445c47f566 to remote] DEBUG org.apache.http.impl.execchain.MainClientExec  - Connection discarded
 -19871 [Forwarding findElement on session 343d0c94-0b98-4921-996e-ca445c47f566 to remote] DEBUG org.apache.http.impl.conn.DefaultManagedHttpClientConnection  - http-outgoing-7: Close connection
 -19871 [Forwarding findElement on session 343d0c94-0b98-4921-996e-ca445c47f566 to remote] DEBUG org.apache.http.impl.conn.PoolingHttpClientConnectionManager  - Connection released: [id: 7][route: {}->http://127.0.0.1:7055][total kept alive: 0; route allocated: 0 of 2000; total allocated: 0 of 2000]
 -20377 [Forwarding findElement on session 343d0c94-0b98-4921-996e-ca445c47f566 to remote] DEBUG org.apache.http.client.protocol.RequestAddCookies  - CookieSpec selected: best-match
 -20377 [Forwarding findElement on session 343d0c94-0b98-4921-996e-ca445c47f566 to remote] DEBUG org.apache.http.client.protocol.RequestAuthCache  - Auth cache not set in the context
 -20377 [Forwarding findElement on session 343d0c94-0b98-4921-996e-ca445c47f566 to remote] DEBUG org.apache.http.impl.conn.PoolingHttpClientConnectionManager  - Connection request: [route: {}->http://127.0.0.1:7055][total kept alive: 0; route allocated: 0 of 2000; total allocated: 0 of 2000]
 -20378 [Forwarding findElement on session 343d0c94-0b98-4921-996e-ca445c47f566 to remote] DEBUG org.apache.http.impl.conn.PoolingHttpClientConnectionManager  - Connection leased: [id: 8][route: {}->http://127.0.0.1:7055][total kept alive: 0; route allocated: 1 of 2000; total allocated: 1 of 2000]
 -20378 [Forwarding findElement on session 343d0c94-0b98-4921-996e-ca445c47f566 to remote] DEBUG org.apache.http.impl.execchain.MainClientExec  - Opening connection {}->http://127.0.0.1:7055
 -20378 [Forwarding findElement on session 343d0c94-0b98-4921-996e-ca445c47f566 to remote] DEBUG org.apache.http.impl.conn.HttpClientConnectionOperator  - Connecting to /127.0.0.1:7055
 -20379 [Forwarding findElement on session 343d0c94-0b98-4921-996e-ca445c47f566 to remote] DEBUG org.apache.http.impl.conn.HttpClientConnectionOperator  - Connection established 127.0.0.1:61657<->127.0.0.1:7055
 -20380 [Forwarding findElement on session 343d0c94-0b98-4921-996e-ca445c47f566 to remote] DEBUG org.apache.http.impl.execchain.MainClientExec  - Executing request POST /hub/session/343d0c94-0b98-4921-996e-ca445c47f566/element HTTP/1.1
 -20380 [Forwarding findElement on session 343d0c94-0b98-4921-996e-ca445c47f566 to remote] DEBUG org.apache.http.impl.execchain.MainClientExec  - Target auth state: UNCHALLENGED
[...]
 -51162 [Forwarding findElement on session 343d0c94-0b98-4921-996e-ca445c47f566 to remote] DEBUG org.apache.http.client.protocol.RequestAddCookies  - CookieSpec selected: best-match
 -51163 [Forwarding findElement on session 343d0c94-0b98-4921-996e-ca445c47f566 to remote] DEBUG org.apache.http.client.protocol.RequestAuthCache  - Auth cache not set in the context
 -51163 [Forwarding findElement on session 343d0c94-0b98-4921-996e-ca445c47f566 to remote] DEBUG org.apache.http.impl.conn.PoolingHttpClientConnectionManager  - Connection request: [route: {}->http://127.0.0.1:7055][total kept alive: 0; route allocated: 0 of 2000; total allocated: 0 of 2000]
 -51163 [Forwarding findElement on session 343d0c94-0b98-4921-996e-ca445c47f566 to remote] DEBUG org.apache.http.impl.conn.PoolingHttpClientConnectionManager  - Connection leased: [id: 63][route: {}->http://127.0.0.1:7055][total kept alive: 0; route allocated: 1 of 2000; total allocated: 1 of 2000]
 -51163 [Forwarding findElement on session 343d0c94-0b98-4921-996e-ca445c47f566 to remote] DEBUG org.apache.http.impl.execchain.MainClientExec  - Opening connection {}->http://127.0.0.1:7055
 -51164 [Forwarding findElement on session 343d0c94-0b98-4921-996e-ca445c47f566 to remote] DEBUG org.apache.http.impl.conn.HttpClientConnectionOperator  - Connecting to /127.0.0.1:7055
 -52169 [Forwarding findElement on session 343d0c94-0b98-4921-996e-ca445c47f566 to remote] DEBUG org.apache.http.impl.conn.DefaultManagedHttpClientConnection  - http-outgoing-63: Shutdown connection
 -52169 [Forwarding findElement on session 343d0c94-0b98-4921-996e-ca445c47f566 to remote] DEBUG org.apache.http.impl.execchain.MainClientExec  - Connection discarded
 -52169 [Forwarding findElement on session 343d0c94-0b98-4921-996e-ca445c47f566 to remote] DEBUG org.apache.http.impl.conn.DefaultManagedHttpClientConnection  - http-outgoing-63: Close connection
 -52169 [Forwarding findElement on session 343d0c94-0b98-4921-996e-ca445c47f566 to remote] DEBUG org.apache.http.impl.conn.PoolingHttpClientConnectionManager  - Connection released: [id: 63][route: {}->http://127.0.0.1:7055][total kept alive: 0; route allocated: 0 of 2000; total allocated: 0 of 2000]
 -52171 [Forwarding setTimeout on session 343d0c94-0b98-4921-996e-ca445c47f566 to remote] DEBUG org.apache.http.client.protocol.RequestAddCookies  - CookieSpec selected: best-match
 -52172 [Forwarding setTimeout on session 343d0c94-0b98-4921-996e-ca445c47f566 to remote] DEBUG org.apache.http.client.protocol.RequestAuthCache  - Auth cache not set in the context
 -52172 [Forwarding setTimeout on session 343d0c94-0b98-4921-996e-ca445c47f566 to remote] DEBUG org.apache.http.impl.conn.PoolingHttpClientConnectionManager  - Connection request: [route: {}->http://127.0.0.1:7055][total kept alive: 0; route allocated: 0 of 2000; total allocated: 0 of 2000]
 -52172 [Forwarding setTimeout on session 343d0c94-0b98-4921-996e-ca445c47f566 to remote] DEBUG org.apache.http.impl.conn.PoolingHttpClientConnectionManager  - Connection leased: [id: 64][route: {}->http://127.0.0.1:7055][total kept alive: 0; route allocated: 1 of 2000; total allocated: 1 of 2000]
 -52172 [Forwarding setTimeout on session 343d0c94-0b98-4921-996e-ca445c47f566 to remote] DEBUG org.apache.http.impl.execchain.MainClientExec  - Opening connection {}->http://127.0.0.1:7055
 -52172 [Forwarding setTimeout on session 343d0c94-0b98-4921-996e-ca445c47f566 to remote] DEBUG org.apache.http.impl.conn.HttpClientConnectionOperator  - Connecting to /127.0.0.1:7055
 -53172 [Forwarding setTimeout on session 343d0c94-0b98-4921-996e-ca445c47f566 to remote] DEBUG org.apache.http.impl.conn.DefaultManagedHttpClientConnection  - http-outgoing-64: Shutdown connection
 -53172 [Forwarding setTimeout on session 343d0c94-0b98-4921-996e-ca445c47f566 to remote] DEBUG org.apache.http.impl.execchain.MainClientExec  - Connection discarded
 -53172 [Forwarding setTimeout on session 343d0c94-0b98-4921-996e-ca445c47f566 to remote] DEBUG org.apache.http.impl.conn.DefaultManagedHttpClientConnection  - http-outgoing-64: Close connection
 -53173 [Forwarding setTimeout on session 343d0c94-0b98-4921-996e-ca445c47f566 to remote] DEBUG org.apache.http.impl.conn.PoolingHttpClientConnectionManager  - Connection released: [id: 64][route: {}->http://127.0.0.1:7055][total kept alive: 0; route allocated: 0 of 2000; total allocated: 0 of 2000]
 -53186 [Forwarding screenshot on session 343d0c94-0b98-4921-996e-ca445c47f566 to remote] DEBUG org.apache.http.client.protocol.RequestAddCookies  - CookieSpec selected: best-match
 -53186 [Forwarding screenshot on session 343d0c94-0b98-4921-996e-ca445c47f566 to remote] DEBUG org.apache.http.client.protocol.RequestAuthCache  - Auth cache not set in the context
 -53186 [Forwarding screenshot on session 343d0c94-0b98-4921-996e-ca445c47f566 to remote] DEBUG org.apache.http.impl.conn.PoolingHttpClientConnectionManager  - Connection request: [route: {}->http://127.0.0.1:7055][total kept alive: 0; route allocated: 0 of 2000; total allocated: 0 of 2000]
 -53187 [Forwarding screenshot on session 343d0c94-0b98-4921-996e-ca445c47f566 to remote] DEBUG org.apache.http.impl.conn.PoolingHttpClientConnectionManager  - Connection leased: [id: 65][route: {}->http://127.0.0.1:7055][total kept alive: 0; route allocated: 1 of 2000; total allocated: 1 of 2000]
 -53187 [Forwarding screenshot on session 343d0c94-0b98-4921-996e-ca445c47f566 to remote] DEBUG org.apache.http.impl.execchain.MainClientExec  - Opening connection {}->http://127.0.0.1:7055
 -53187 [Forwarding screenshot on session 343d0c94-0b98-4921-996e-ca445c47f566 to remote] DEBUG org.apache.http.impl.conn.HttpClientConnectionOperator  - Connecting to /127.0.0.1:7055
 -54190 [Forwarding screenshot on session 343d0c94-0b98-4921-996e-ca445c47f566 to remote] DEBUG org.apache.http.impl.conn.DefaultManagedHttpClientConnection  - http-outgoing-65: Shutdown connection
 -54190 [Forwarding screenshot on session 343d0c94-0b98-4921-996e-ca445c47f566 to remote] DEBUG org.apache.http.impl.execchain.MainClientExec  - Connection discarded
 -54190 [Forwarding screenshot on session 343d0c94-0b98-4921-996e-ca445c47f566 to remote] DEBUG org.apache.http.impl.conn.DefaultManagedHttpClientConnection  - http-outgoing-65: Close connection
 -54190 [Forwarding screenshot on session 343d0c94-0b98-4921-996e-ca445c47f566 to remote] DEBUG org.apache.http.impl.conn.PoolingHttpClientConnectionManager  - Connection released: [id: 65][route: {}->http://127.0.0.1:7055][total kept alive: 0; route allocated: 0 of 2000; total allocated: 0 of 2000]
 -54193 [PoolService-0] INFO  omelet.driver.DriverUtility  - Not able to take Screen Shot
 -org.openqa.selenium.remote.UnreachableBrowserException: Error communicating with the remote browser. It may have died.
Build info: version: '2.46.0', revision: '61506a4624b13675f24581e453592342b7485d71', time: '2015-06-04 10:22:50'
System info: host: 'LAINPUMA0239', ip: '10.113.4.198', os.name: 'Windows 7', os.arch: 'amd64', os.version: '6.1', java.version: '1.7.0_51'
Driver info: driver.version: EventFiringWebDriver
	at org.openqa.selenium.remote.RemoteWebDriver.execute(RemoteWebDriver.java:599)
	at org.openqa.selenium.remote.RemoteWebDriver.execute(RemoteWebDriver.java:628)
	at org.openqa.selenium.firefox.FirefoxDriver.getScreenshotAs(FirefoxDriver.java:353)
	at sun.reflect.NativeMethodAccessorImpl.invoke0(Native Method)
	at sun.reflect.NativeMethodAccessorImpl.invoke(NativeMethodAccessorImpl.java:57)
	at sun.reflect.DelegatingMethodAccessorImpl.invoke(DelegatingMethodAccessorImpl.java:43)
	at java.lang.reflect.Method.invoke(Method.java:606)
	at org.openqa.selenium.support.events.EventFiringWebDriver$2.invoke(EventFiringWebDriver.java:102)
	at com.sun.proxy.$Proxy6.getScreenshotAs(Unknown Source)
	at org.openqa.selenium.support.events.EventFiringWebDriver.getScreenshotAs(EventFiringWebDriver.java:267)
	at omelet.driver.DriverUtility.takeScreenShot(DriverUtility.java:140)
	at omelet.driver.DriverInitialization.addScreenShot(DriverInitialization.java:178)
	at omelet.driver.DriverInitialization.afterInvocation(DriverInitialization.java:89)
	at org.testng.internal.invokers.InvokedMethodListenerInvoker$InvokeAfterInvocationWithoutContextStrategy.callMethod(InvokedMethodListenerInvoker.java:100)
	at org.testng.internal.invokers.InvokedMethodListenerInvoker.invokeListener(InvokedMethodListenerInvoker.java:62)
	at org.testng.internal.Invoker.runInvokedMethodListeners(Invoker.java:619)
	at org.testng.internal.Invoker.invokeMethod(Invoker.java:777)
	at org.testng.internal.Invoker.invokeTestMethod(Invoker.java:901)
	at org.testng.internal.TestMethodWithDataProviderMethodWorker.call(TestMethodWithDataProviderMethodWorker.java:73)
	at org.testng.internal.TestMethodWithDataProviderMethodWorker.call(TestMethodWithDataProviderMethodWorker.java:14)
	at java.util.concurrent.FutureTask.run(FutureTask.java:262)
	at java.util.concurrent.Executors$RunnableAdapter.call(Executors.java:471)
	at java.util.concurrent.FutureTask.run(FutureTask.java:262)
	at java.util.concurrent.ThreadPoolExecutor.runWorker(ThreadPoolExecutor.java:1145)
	at java.util.concurrent.ThreadPoolExecutor$Worker.run(ThreadPoolExecutor.java:615)
	at java.lang.Thread.run(Thread.java:744)
Caused by: org.apache.http.conn.HttpHostConnectException: Connect to 127.0.0.1:7055 [/127.0.0.1] failed: Connection refused: connect
	at org.apache.http.impl.conn.HttpClientConnectionOperator.connect(HttpClientConnectionOperator.java:142)
	at org.apache.http.impl.conn.PoolingHttpClientConnectionManager.connect(PoolingHttpClientConnectionManager.java:319)
	at org.apache.http.impl.execchain.MainClientExec.establishRoute(MainClientExec.java:363)
	at org.apache.http.impl.execchain.MainClientExec.execute(MainClientExec.java:219)
	at org.apache.http.impl.execchain.ProtocolExec.execute(ProtocolExec.java:195)
	at org.apache.http.impl.execchain.RetryExec.execute(RetryExec.java:86)
	at org.apache.http.impl.execchain.RedirectExec.execute(RedirectExec.java:108)
	at org.apache.http.impl.client.InternalHttpClient.doExecute(InternalHttpClient.java:184)
	at org.apache.http.impl.client.CloseableHttpClient.execute(CloseableHttpClient.java:72)
	at org.apache.http.impl.client.CloseableHttpClient.execute(CloseableHttpClient.java:57)
	at org.openqa.selenium.remote.internal.ApacheHttpClient.fallBackExecute(ApacheHttpClient.java:143)
	at org.openqa.selenium.remote.internal.ApacheHttpClient.execute(ApacheHttpClient.java:89)
	at org.openqa.selenium.remote.HttpCommandExecutor.execute(HttpCommandExecutor.java:134)
	at org.openqa.selenium.firefox.internal.NewProfileExtensionConnection.execute(NewProfileExtensionConnection.java:168)
	at org.openqa.selenium.firefox.FirefoxDriver$LazyCommandExecutor.execute(FirefoxDriver.java:392)
	at org.openqa.selenium.remote.RemoteWebDriver.execute(RemoteWebDriver.java:578)
	... 25 more
Caused by: java.net.ConnectException: Connection refused: connect
	at java.net.DualStackPlainSocketImpl.waitForConnect(Native Method)
	at java.net.DualStackPlainSocketImpl.socketConnect(DualStackPlainSocketImpl.java:85)
	at java.net.AbstractPlainSocketImpl.doConnect(AbstractPlainSocketImpl.java:339)
	at java.net.AbstractPlainSocketImpl.connectToAddress(AbstractPlainSocketImpl.java:200)
	at java.net.AbstractPlainSocketImpl.connect(AbstractPlainSocketImpl.java:182)
	at java.net.PlainSocketImpl.connect(PlainSocketImpl.java:172)
	at java.net.SocksSocketImpl.connect(SocksSocketImpl.java:392)
	at java.net.Socket.connect(Socket.java:579)
	at org.apache.http.conn.socket.PlainConnectionSocketFactory.connectSocket(PlainConnectionSocketFactory.java:72)
	at org.apache.http.impl.conn.HttpClientConnectionOperator.connect(HttpClientConnectionOperator.java:125)
	... 40 more
54200 [PoolService-0] INFO  omelet.driver.DriverInitialization  - Quiting Driver for Method:countrySwitchCheck
 -54202 [Forwarding quit on session 343d0c94-0b98-4921-996e-ca445c47f566 to remote] DEBUG org.apache.http.client.protocol.RequestAddCookies  - CookieSpec selected: best-match
 -54203 [Forwarding quit on session 343d0c94-0b98-4921-996e-ca445c47f566 to remote] DEBUG org.apache.http.client.protocol.RequestAuthCache  - Auth cache not set in the context
 -54203 [Forwarding quit on session 343d0c94-0b98-4921-996e-ca445c47f566 to remote] DEBUG org.apache.http.impl.conn.PoolingHttpClientConnectionManager  - Connection request: [route: {}->http://127.0.0.1:7055][total kept alive: 0; route allocated: 0 of 2000; total allocated: 0 of 2000]
 -54203 [Forwarding quit on session 343d0c94-0b98-4921-996e-ca445c47f566 to remote] DEBUG org.apache.http.impl.conn.PoolingHttpClientConnectionManager  - Connection leased: [id: 66][route: {}->http://127.0.0.1:7055][total kept alive: 0; route allocated: 1 of 2000; total allocated: 1 of 2000]
 -54203 [Forwarding quit on session 343d0c94-0b98-4921-996e-ca445c47f566 to remote] DEBUG org.apache.http.impl.execchain.MainClientExec  - Opening connection {}->http://127.0.0.1:7055
 -54203 [Forwarding quit on session 343d0c94-0b98-4921-996e-ca445c47f566 to remote] DEBUG org.apache.http.impl.conn.HttpClientConnectionOperator  - Connecting to /127.0.0.1:7055
 -55219 [Forwarding quit on session 343d0c94-0b98-4921-996e-ca445c47f566 to remote] DEBUG org.apache.http.impl.conn.DefaultManagedHttpClientConnection  - http-outgoing-66: Shutdown connection
 -55219 [Forwarding quit on session 343d0c94-0b98-4921-996e-ca445c47f566 to remote] DEBUG org.apache.http.impl.execchain.MainClientExec  - Connection discarded
 -55219 [Forwarding quit on session 343d0c94-0b98-4921-996e-ca445c47f566 to remote] DEBUG org.apache.http.impl.conn.DefaultManagedHttpClientConnection  - http-outgoing-66: Close connection
 -55219 [Forwarding quit on session 343d0c94-0b98-4921-996e-ca445c47f566 to remote] DEBUG org.apache.http.impl.conn.PoolingHttpClientConnectionManager  - Connection released: [id: 66][route: {}->http://127.0.0.1:7055][total kept alive: 0; route allocated: 0 of 2000; total allocated: 0 of 2000]
 -56552 [PoolService-0] INFO  omelet.driver.DriverInitialization  - Catching Exception in After Invocation So test Result are not altered due to it
 -org.openqa.selenium.remote.UnreachableBrowserException: Error communicating with the remote browser. It may have died.
Build info: version: '2.46.0', revision: '61506a4624b13675f24581e453592342b7485d71', time: '2015-06-04 10:22:50'
System info: host: 'LAINPUMA0239', ip: '10.113.4.198', os.name: 'Windows 7', os.arch: 'amd64', os.version: '6.1', java.version: '1.7.0_51'
Driver info: driver.version: Driver
	at org.openqa.selenium.remote.RemoteWebDriver.execute(RemoteWebDriver.java:599)
	at org.openqa.selenium.remote.RemoteWebDriver.execute(RemoteWebDriver.java:628)
	at org.openqa.selenium.remote.RemoteWebDriver.quit(RemoteWebDriver.java:474)
	at sun.reflect.NativeMethodAccessorImpl.invoke0(Native Method)
	at sun.reflect.NativeMethodAccessorImpl.invoke(NativeMethodAccessorImpl.java:57)
	at sun.reflect.DelegatingMethodAccessorImpl.invoke(DelegatingMethodAccessorImpl.java:43)
	at java.lang.reflect.Method.invoke(Method.java:606)
	at org.openqa.selenium.support.events.EventFiringWebDriver$2.invoke(EventFiringWebDriver.java:102)
	at com.sun.proxy.$Proxy6.quit(Unknown Source)
	at org.openqa.selenium.support.events.EventFiringWebDriver.quit(EventFiringWebDriver.java:199)
	at omelet.driver.Driver.tearDown(Driver.java:100)
	at omelet.driver.DriverInitialization.cleanup(DriverInitialization.java:123)
	at omelet.driver.DriverInitialization.afterInvocation(DriverInitialization.java:96)
	at org.testng.internal.invokers.InvokedMethodListenerInvoker$InvokeAfterInvocationWithoutContextStrategy.callMethod(InvokedMethodListenerInvoker.java:100)
	at org.testng.internal.invokers.InvokedMethodListenerInvoker.invokeListener(InvokedMethodListenerInvoker.java:62)
	at org.testng.internal.Invoker.runInvokedMethodListeners(Invoker.java:619)
	at org.testng.internal.Invoker.invokeMethod(Invoker.java:777)
	at org.testng.internal.Invoker.invokeTestMethod(Invoker.java:901)
	at org.testng.internal.TestMethodWithDataProviderMethodWorker.call(TestMethodWithDataProviderMethodWorker.java:73)
	at org.testng.internal.TestMethodWithDataProviderMethodWorker.call(TestMethodWithDataProviderMethodWorker.java:14)
	at java.util.concurrent.FutureTask.run(FutureTask.java:262)
	at java.util.concurrent.Executors$RunnableAdapter.call(Executors.java:471)
	at java.util.concurrent.FutureTask.run(FutureTask.java:262)
	at java.util.concurrent.ThreadPoolExecutor.runWorker(ThreadPoolExecutor.java:1145)
	at java.util.concurrent.ThreadPoolExecutor$Worker.run(ThreadPoolExecutor.java:615)
	at java.lang.Thread.run(Thread.java:744)
Caused by: org.apache.http.conn.HttpHostConnectException: Connect to 127.0.0.1:7055 [/127.0.0.1] failed: Connection refused: connect
	at org.apache.http.impl.conn.HttpClientConnectionOperator.connect(HttpClientConnectionOperator.java:142)
	at org.apache.http.impl.conn.PoolingHttpClientConnectionManager.connect(PoolingHttpClientConnectionManager.java:319)
	at org.apache.http.impl.execchain.MainClientExec.establishRoute(MainClientExec.java:363)
	at org.apache.http.impl.execchain.MainClientExec.execute(MainClientExec.java:219)
	at org.apache.http.impl.execchain.ProtocolExec.execute(ProtocolExec.java:195)
	at org.apache.http.impl.execchain.RetryExec.execute(RetryExec.java:86)
	at org.apache.http.impl.execchain.RedirectExec.execute(RedirectExec.java:108)
	at org.apache.http.impl.client.InternalHttpClient.doExecute(InternalHttpClient.java:184)
	at org.apache.http.impl.client.CloseableHttpClient.execute(CloseableHttpClient.java:72)
	at org.apache.http.impl.client.CloseableHttpClient.execute(CloseableHttpClient.java:57)
	at org.openqa.selenium.remote.internal.ApacheHttpClient.fallBackExecute(ApacheHttpClient.java:143)
	at org.openqa.selenium.remote.internal.ApacheHttpClient.execute(ApacheHttpClient.java:89)
	at org.openqa.selenium.remote.HttpCommandExecutor.execute(HttpCommandExecutor.java:134)
	at org.openqa.selenium.firefox.internal.NewProfileExtensionConnection.execute(NewProfileExtensionConnection.java:168)
	at org.openqa.selenium.firefox.FirefoxDriver$LazyCommandExecutor.execute(FirefoxDriver.java:392)
	at org.openqa.selenium.remote.RemoteWebDriver.execute(RemoteWebDriver.java:578)
	... 25 more
Caused by: java.net.ConnectException: Connection refused: connect
	at java.net.DualStackPlainSocketImpl.waitForConnect(Native Method)
	at java.net.DualStackPlainSocketImpl.socketConnect(DualStackPlainSocketImpl.java:85)
	at java.net.AbstractPlainSocketImpl.doConnect(AbstractPlainSocketImpl.java:339)
	at java.net.AbstractPlainSocketImpl.connectToAddress(AbstractPlainSocketImpl.java:200)
	at java.net.AbstractPlainSocketImpl.connect(AbstractPlainSocketImpl.java:182)
	at java.net.PlainSocketImpl.connect(PlainSocketImpl.java:172)
	at java.net.SocksSocketImpl.connect(SocksSocketImpl.java:392)
	at java.net.Socket.connect(Socket.java:579)
	at org.apache.http.conn.socket.PlainConnectionSocketFactory.connectSocket(PlainConnectionSocketFactory.java:72)
	at org.apache.http.impl.conn.HttpClientConnectionOperator.connect(HttpClientConnectionOperator.java:125)
	... 40 more
]]></system-out>
    <system-err><![CDATA[Jan 27, 2017 12:14:59 PM org.openqa.selenium.os.UnixProcess$SeleniumWatchDog destroyHarder
INFO: Command failed to close cleanly. Destroying forcefully (v2). org.openqa.selenium.os.UnixProcess$SeleniumWatchDog@40b65b17
]]></system-err>
  </testcase>
  <testcase name="countrySwitchCheck" classname="com.nemo.test.CountrySwitch" time="48.232"/>
  <testcase name="countrySwitchCheck" classname="com.nemo.test.CountrySwitch" time="41.484"/>
</testsuite>